#
# There is insufficient memory for the Java Runtime Environment to continue.
# Native memory allocation (mmap) failed to map 65536 bytes for Failed to commit metaspace.
# Possible reasons:
#   The system is out of physical RAM or swap space
#   The process is running with CompressedOops enabled, and the Java Heap may be blocking the growth of the native heap
# Possible solutions:
#   Reduce memory load on the system
#   Increase physical memory or swap space
#   Check if swap backing store is full
#   Decrease Java heap size (-Xmx/-Xms)
#   Decrease number of Java threads
#   Decrease Java thread stack sizes (-Xss)
#   Set larger code cache with -XX:ReservedCodeCacheSize=
#   JVM is running with Unscaled Compressed Oops mode in which the Java heap is
#     placed in the first 4GB address space. The Java Heap base address is the
#     maximum limit for the native heap growth. Please use -XX:HeapBaseMinAddress
#     to set the Java Heap base and to place the Java Heap above 4GB virtual address.
# This output file may be truncated or incomplete.
#
#  Out of Memory Error (virtualSpaceNode.cpp:110), pid=14032, tid=21700
#
# JRE version: OpenJDK Runtime Environment Microsoft-8902769 (17.0.10+7) (build 17.0.10+7-LTS)
# Java VM: OpenJDK 64-Bit Server VM Microsoft-8902769 (17.0.10+7-LTS, mixed mode, sharing, tiered, compressed oops, compressed class ptrs, g1 gc, windows-amd64)
# No core dump will be written. Minidumps are not enabled by default on client versions of Windows
#

---------------  S U M M A R Y ------------

Command Line: -javaagent:C:\Program Files\JetBrains\IntelliJ IDEA Community Edition 2024.3.2.1\lib\idea_rt.jar=53085:C:\Program Files\JetBrains\IntelliJ IDEA Community Edition 2024.3.2.1\bin -Dfile.encoding=UTF-8 in.example.infolock.demo.DemoApplication

Host: AMD Ryzen 5 5500U with Radeon Graphics         , 12 cores, 7G,  Windows 11 , 64 bit Build 27919 (10.0.27919.1000)
Time: Thu Aug 21 22:31:16 2025 India Standard Time elapsed time: 3.731977 seconds (0d 0h 0m 3s)

---------------  T H R E A D  ---------------

Current thread (0x000000805ca4e0c0):  JavaThread "restartedMain" [_thread_in_vm, id=21700, stack(0x000000805d500000,0x000000805d600000)]

Stack: [0x000000805d500000,0x000000805d600000]
Native frames: (J=compiled Java code, j=interpreted, Vv=VM code, C=native code)
V  [jvm.dll+0x67f829]
V  [jvm.dll+0x83750a]
V  [jvm.dll+0x838fce]
V  [jvm.dll+0x839633]
V  [jvm.dll+0x247cbf]
V  [jvm.dll+0x8331cb]
V  [jvm.dll+0x624286]
V  [jvm.dll+0x1c1a8e]
V  [jvm.dll+0x626be1]
V  [jvm.dll+0x624c26]
V  [jvm.dll+0x23d620]
V  [jvm.dll+0x1ec4bb]
V  [jvm.dll+0x1e1e61]
V  [jvm.dll+0x544cee]
V  [jvm.dll+0x7b1578]
V  [jvm.dll+0x7b1664]
V  [jvm.dll+0x412e15]
V  [jvm.dll+0x418f99]
C  [java.dll+0x17ec]

Java frames: (J=compiled Java code, j=interpreted, Vv=VM code)
J 968  java.lang.ClassLoader.defineClass1(Ljava/lang/ClassLoader;Ljava/lang/String;[BIILjava/security/ProtectionDomain;Ljava/lang/String;)Ljava/lang/Class; java.base@17.0.10 (0 bytes) @ 0x0000008008588663 [0x00000080085885a0+0x00000000000000c3]
J 1140 c1 java.lang.ClassLoader.defineClass(Ljava/lang/String;[BIILjava/security/ProtectionDomain;)Ljava/lang/Class; java.base@17.0.10 (43 bytes) @ 0x0000008000c60854 [0x0000008000c60500+0x0000000000000354]
J 1048 c1 java.security.SecureClassLoader.defineClass(Ljava/lang/String;[BIILjava/security/CodeSource;)Ljava/lang/Class; java.base@17.0.10 (16 bytes) @ 0x0000008000c3ce8c [0x0000008000c3cdc0+0x00000000000000cc]
J 842 c1 jdk.internal.loader.BuiltinClassLoader.defineClass(Ljava/lang/String;Ljdk/internal/loader/Resource;)Ljava/lang/Class; java.base@17.0.10 (121 bytes) @ 0x0000008000bce164 [0x0000008000bcd200+0x0000000000000f64]
J 728 c1 jdk.internal.loader.BuiltinClassLoader.findClassOnClassPathOrNull(Ljava/lang/String;)Ljava/lang/Class; java.base@17.0.10 (64 bytes) @ 0x0000008000b8a9dc [0x0000008000b89900+0x00000000000010dc]
J 474 c1 jdk.internal.loader.BuiltinClassLoader.loadClassOrNull(Ljava/lang/String;Z)Ljava/lang/Class; java.base@17.0.10 (143 bytes) @ 0x0000008000b121f4 [0x0000008000b112c0+0x0000000000000f34]
J 667 c1 jdk.internal.loader.ClassLoaders$AppClassLoader.loadClass(Ljava/lang/String;Z)Ljava/lang/Class; java.base@17.0.10 (40 bytes) @ 0x0000008000b73b04 [0x0000008000b734e0+0x0000000000000624]
J 666 c1 java.lang.ClassLoader.loadClass(Ljava/lang/String;)Ljava/lang/Class; java.base@17.0.10 (7 bytes) @ 0x0000008000b7314c [0x0000008000b73040+0x000000000000010c]
v  ~StubRoutines::call_stub
j  ch.qos.logback.core.util.ExecutorServiceUtil.<clinit>()V+0
v  ~StubRoutines::call_stub
j  ch.qos.logback.core.ContextBase.stopExecutorServices()V+4
j  ch.qos.logback.core.ContextBase.stop()V+1
j  ch.qos.logback.classic.LoggerContext.stop()V+43
j  org.springframework.boot.logging.logback.LogbackLoggingSystem.stopAndReset(Lch/qos/logback/classic/LoggerContext;)V+1
j  org.springframework.boot.logging.logback.LogbackLoggingSystem.loadDefaults(Lorg/springframework/boot/logging/LoggingInitializationContext;Lorg/springframework/boot/logging/LogFile;)V+7
j  org.springframework.boot.logging.AbstractLoggingSystem.initializeWithConventions(Lorg/springframework/boot/logging/LoggingInitializationContext;Lorg/springframework/boot/logging/LogFile;)V+43
j  org.springframework.boot.logging.AbstractLoggingSystem.initialize(Lorg/springframework/boot/logging/LoggingInitializationContext;Ljava/lang/String;Lorg/springframework/boot/logging/LogFile;)V+18
j  org.springframework.boot.logging.logback.LogbackLoggingSystem.initialize(Lorg/springframework/boot/logging/LoggingInitializationContext;Ljava/lang/String;Lorg/springframework/boot/logging/LogFile;)V+36
j  org.springframework.boot.context.logging.LoggingApplicationListener.initializeSystem(Lorg/springframework/core/env/ConfigurableEnvironment;Lorg/springframework/boot/logging/LoggingSystem;Lorg/springframework/boot/logging/LogFile;)V+49
j  org.springframework.boot.context.logging.LoggingApplicationListener.initialize(Lorg/springframework/core/env/ConfigurableEnvironment;Ljava/lang/ClassLoader;)V+59
j  org.springframework.boot.context.logging.LoggingApplicationListener.onApplicationEnvironmentPreparedEvent(Lorg/springframework/boot/context/event/ApplicationEnvironmentPreparedEvent;)V+32
j  org.springframework.boot.context.logging.LoggingApplicationListener.onApplicationEvent(Lorg/springframework/context/ApplicationEvent;)V+34
j  org.springframework.context.event.SimpleApplicationEventMulticaster.doInvokeListener(Lorg/springframework/context/ApplicationListener;Lorg/springframework/context/ApplicationEvent;)V+2
j  org.springframework.context.event.SimpleApplicationEventMulticaster.invokeListener(Lorg/springframework/context/ApplicationListener;Lorg/springframework/context/ApplicationEvent;)V+34
j  org.springframework.context.event.SimpleApplicationEventMulticaster.multicastEvent(Lorg/springframework/context/ApplicationEvent;Lorg/springframework/core/ResolvableType;)V+104
j  org.springframework.context.event.SimpleApplicationEventMulticaster.multicastEvent(Lorg/springframework/context/ApplicationEvent;)V+3
j  org.springframework.boot.context.event.EventPublishingRunListener.multicastInitialEvent(Lorg/springframework/context/ApplicationEvent;)V+9
j  org.springframework.boot.context.event.EventPublishingRunListener.environmentPrepared(Lorg/springframework/boot/ConfigurableBootstrapContext;Lorg/springframework/core/env/ConfigurableEnvironment;)V+18
j  org.springframework.boot.SpringApplicationRunListeners.lambda$environmentPrepared$2(Lorg/springframework/boot/ConfigurableBootstrapContext;Lorg/springframework/core/env/ConfigurableEnvironment;Lorg/springframework/boot/SpringApplicationRunListener;)V+3
j  org.springframework.boot.SpringApplicationRunListeners$$Lambda$112+0x00000080180b4900.accept(Ljava/lang/Object;)V+12
j  java.lang.Iterable.forEach(Ljava/util/function/Consumer;)V+30 java.base@17.0.10
j  org.springframework.boot.SpringApplicationRunListeners.doWithListeners(Ljava/lang/String;Ljava/util/function/Consumer;Ljava/util/function/Consumer;)V+17
j  org.springframework.boot.SpringApplicationRunListeners.doWithListeners(Ljava/lang/String;Ljava/util/function/Consumer;)V+4
j  org.springframework.boot.SpringApplicationRunListeners.environmentPrepared(Lorg/springframework/boot/ConfigurableBootstrapContext;Lorg/springframework/core/env/ConfigurableEnvironment;)V+10
j  org.springframework.boot.SpringApplication.prepareEnvironment(Lorg/springframework/boot/SpringApplicationRunListeners;Lorg/springframework/boot/DefaultBootstrapContext;Lorg/springframework/boot/ApplicationArguments;)Lorg/springframework/core/env/ConfigurableEnvironment;+27
j  org.springframework.boot.SpringApplication.run([Ljava/lang/String;)Lorg/springframework/context/ConfigurableApplicationContext;+65
j  org.springframework.boot.SpringApplication.run([Ljava/lang/Class;[Ljava/lang/String;)Lorg/springframework/context/ConfigurableApplicationContext;+9
j  org.springframework.boot.SpringApplication.run(Ljava/lang/Class;[Ljava/lang/String;)Lorg/springframework/context/ConfigurableApplicationContext;+9
j  in.example.infolock.demo.DemoApplication.main([Ljava/lang/String;)V+3
v  ~StubRoutines::call_stub
j  jdk.internal.reflect.NativeMethodAccessorImpl.invoke0(Ljava/lang/reflect/Method;Ljava/lang/Object;[Ljava/lang/Object;)Ljava/lang/Object;+0 java.base@17.0.10
j  jdk.internal.reflect.NativeMethodAccessorImpl.invoke(Ljava/lang/Object;[Ljava/lang/Object;)Ljava/lang/Object;+133 java.base@17.0.10
j  jdk.internal.reflect.DelegatingMethodAccessorImpl.invoke(Ljava/lang/Object;[Ljava/lang/Object;)Ljava/lang/Object;+6 java.base@17.0.10
j  java.lang.reflect.Method.invoke(Ljava/lang/Object;[Ljava/lang/Object;)Ljava/lang/Object;+59 java.base@17.0.10
j  org.springframework.boot.devtools.restart.RestartLauncher.run()V+47
v  ~StubRoutines::call_stub

Compiled method (n/a)    3765  968     n 0       java.lang.ClassLoader::defineClass1 (native)
 total in heap  [0x0000008008588410,0x00000080085888f0] = 1248
 relocation     [0x0000008008588568,0x00000080085885a0] = 56
 main code      [0x00000080085885a0,0x00000080085888f0] = 848

[Constant Pool (empty)]

[MachCode]
[Entry Point]
  # {method} {0x0000008017010f28} 'defineClass1' '(Ljava/lang/ClassLoader;Ljava/lang/String;[BIILjava/security/ProtectionDomain;Ljava/lang/String;)Ljava/lang/Class;' in 'java/lang/ClassLoader'
  # parm0:    rdx:rdx   = 'java/lang/ClassLoader'
  # parm1:    r8:r8     = 'java/lang/String'
  # parm2:    r9:r9     = '[B'
  # parm3:    rdi       = int
  # parm4:    rsi       = int
  # parm5:    rcx:rcx   = 'java/security/ProtectionDomain'
  # parm6:    [sp+0xa0]   = 'java/lang/String'  (sp of caller)
  0x00000080085885a0: 448b 5208 | 49bb 0000 | 0017 8000 | 0000 4d03 | d349 3bc2 | 0f84 0600 

  0x00000080085885b8: ;   {runtime_call ic_miss_stub}
  0x00000080085885b8: 0000 e9c1 | 8aa5 ff90 
[Verified Entry Point]
  0x00000080085885c0: 8984 2400 | 90ff ff55 | 488b ec48 | 81ec 9000 | 0000 4881 | 7d10 0000 | 0000 488d | 4510 480f 
  0x00000080085885e0: 4445 1048 | 8944 2440 | 4889 4c24 | 7048 83f9 | 0048 8d44 | 2470 480f | 4444 2470 | 4889 4424 
  0x0000008008588600: 3848 8974 | 2430 4889 | 7c24 284c | 894c 2458 | 4983 f900 | 488d 4424 | 5848 0f44 | 4424 5848 
  0x0000008008588620: 8944 2420 | 4c89 4424 | 5049 83f8 | 004c 8d4c | 2450 4c0f | 444c 2450 | 4889 5424 | 4848 83fa 
  0x0000008008588640: 004c 8d44 | 2448 4c0f | 4444 2448 

  0x000000800858864c: ;   {oop(a 'java/lang/Class'{0x000000009063bcd0} = 'java/lang/ClassLoader')}
  0x000000800858864c: 49be d0bc | 6390 0000 | 0000 4c89 | 7424 784c | 8d74 2478 | 498b d6c5 

  0x0000008008588664: ;   {internal_word}
  0x0000008008588664: f877 49ba | 6386 5808 | 8000 0000 | 4d89 97a0 | 0200 0049 | 89a7 9802 

  0x000000800858867c: ;   {external_word}
  0x000000800858867c: 0000 49ba | 3966 53fd | f97f 0000 | 4180 3a00 | 0f84 5200 | 0000 5241 

  0x0000008008588694: ;   {metadata({method} {0x0000008017010f28} 'defineClass1' '(Ljava/lang/ClassLoader;Ljava/lang/String;[BIILjava/security/ProtectionDomain;Ljava/lang/String;)Ljava/lang/Class;' in 'java/lang/ClassLoader')}
  0x0000008008588694: 5041 5148 | ba20 0f01 | 1780 0000 | 0049 8bcf | 4883 ec20 | f7c4 0f00 | 0000 0f84 | 1a00 0000 
  0x00000080085886b4: 4883 ec08 

  0x00000080085886b8: ;   {runtime_call}
  0x00000080085886b8: 49ba b059 | 09fd f97f | 0000 41ff | d248 83c4 | 08e9 0d00 

  0x00000080085886cc: ;   {runtime_call}
  0x00000080085886cc: 0000 49ba | b059 09fd | f97f 0000 | 41ff d248 | 83c4 2041 | 5941 585a | 498d 8fb8 | 0200 0041 
  0x00000080085886ec: c787 4803 | 0000 0400 

  0x00000080085886f4: ;   {runtime_call}
  0x00000080085886f4: 0000 49ba | ac16 8661 | fa7f 0000 | 41ff d2c5 | f877 41c7 | 8748 0300 | 0005 0000 | 00f0 8344 
  0x0000008008588714: 24c0 0049 | 3baf 5003 | 0000 0f87 | 1100 0000 | 4181 bf38 | 0300 0000 | 0000 000f | 842c 0000 
  0x0000008008588734: 00c5 f877 | 4889 45f8 | 498b cf4c | 8be4 4883 | ec20 4883 

  0x0000008008588748: ;   {runtime_call}
  0x0000008008588748: e4f0 49ba | 906e 19fd | f97f 0000 | 41ff d249 | 8be4 4d33 | e448 8b45 | f841 c787 | 4803 0000 
  0x0000008008588768: 0800 0000 | 4181 bfb8 | 0300 0002 | 0000 000f | 843f 0100 

  0x000000800858877c: ;   {external_word}
  0x000000800858877c: 0049 ba39 | 6653 fdf9 | 7f00 0041 | 803a 000f | 8450 0000 | 0048 8945 

  0x0000008008588794: ;   {metadata({method} {0x0000008017010f28} 'defineClass1' '(Ljava/lang/ClassLoader;Ljava/lang/String;[BIILjava/security/ProtectionDomain;Ljava/lang/String;)Ljava/lang/Class;' in 'java/lang/ClassLoader')}
  0x0000008008588794: f848 ba20 | 0f01 1780 | 0000 0049 | 8bcf 4883 | ec20 f7c4 | 0f00 0000 | 0f84 1a00 | 0000 4883 
  0x00000080085887b4: ;   {runtime_call}
  0x00000080085887b4: ec08 49ba | b059 09fd | f97f 0000 | 41ff d248 | 83c4 08e9 | 0d00 0000 

  0x00000080085887cc: ;   {runtime_call}
  0x00000080085887cc: 49ba b059 | 09fd f97f | 0000 41ff | d248 83c4 | 2048 8b45 | f849 c787 | 9802 0000 | 0000 0000 
  0x00000080085887ec: 49c7 87a0 | 0200 0000 | 0000 00c5 | f877 4885 | c00f 8493 | 0000 0048 | f7c0 0100 | 0000 0f84 
  0x000000800858880c: 8300 0000 | 488b 40ff | 4180 7f38 | 000f 846f | 0000 0048 | 83f8 000f | 8465 0000 | 0049 8b4f 
  0x000000800858882c: 2048 83f9 | 000f 8414 | 0000 0048 | 83e9 0849 | 894f 2049 | 034f 3048 | 8901 e943 | 0000 0050 
  0x000000800858884c: 498b d748 | 8bc8 4883 | ec20 f7c4 | 0f00 0000 | 0f84 1a00 | 0000 4883 

  0x0000008008588864: ;   {runtime_call}
  0x0000008008588864: ec08 49ba | e06d c8fc | f97f 0000 | 41ff d248 | 83c4 08e9 | 0d00 0000 

  0x000000800858887c: ;   {runtime_call}
  0x000000800858887c: 49ba e06d | c8fc f97f | 0000 41ff | d248 83c4 | 2058 e903 | 0000 0048 | 8b00 498b | 8fd8 0000 
  0x000000800858889c: 00c7 8100 | 0100 0000 | 0000 00c9 | 4981 7f08 | 0000 0000 | 0f85 0100 

  0x00000080085888b4: ;   {runtime_call StubRoutines (1)}
  0x00000080085888b4: 0000 c3e9 | 4486 a0ff | c5f8 7748 | 8945 f84c | 8be4 4883 | ec20 4883 

  0x00000080085888cc: ;   {runtime_call}
  0x00000080085888cc: e4f0 49ba | 308a 09fd | f97f 0000 | 41ff d249 | 8be4 4d33 | e448 8b45 | f8e9 93fe | ffff f4f4 
  0x00000080085888ec: f4f4 f4f4 
[/MachCode]


Compiled method (c1)    3782 1140       3       java.lang.ClassLoader::defineClass (43 bytes)
 total in heap  [0x0000008000c60310,0x0000008000c60c48] = 2360
 relocation     [0x0000008000c60468,0x0000008000c604f8] = 144
 main code      [0x0000008000c60500,0x0000008000c609a0] = 1184
 stub code      [0x0000008000c609a0,0x0000008000c60a18] = 120
 metadata       [0x0000008000c60a18,0x0000008000c60a48] = 48
 scopes data    [0x0000008000c60a48,0x0000008000c60b38] = 240
 scopes pcs     [0x0000008000c60b38,0x0000008000c60c18] = 224
 dependencies   [0x0000008000c60c18,0x0000008000c60c20] = 8
 nul chk table  [0x0000008000c60c20,0x0000008000c60c48] = 40

[Constant Pool (empty)]

[MachCode]
[Entry Point]
  # {method} {0x0000008017010cc0} 'defineClass' '(Ljava/lang/String;[BIILjava/security/ProtectionDomain;)Ljava/lang/Class;' in 'java/lang/ClassLoader'
  # this:     rdx:rdx   = 'java/lang/ClassLoader'
  # parm0:    r8:r8     = 'java/lang/String'
  # parm1:    r9:r9     = '[B'
  # parm2:    rdi       = int
  # parm3:    rsi       = int
  # parm4:    rcx:rcx   = 'java/security/ProtectionDomain'
  #           [sp+0xc0]  (sp of caller)
  0x0000008000c60500: 448b 5208 | 49bb 0000 | 0017 8000 | 0000 4d03 | d34c 3bd0 

  0x0000008000c60514: ;   {runtime_call ic_miss_stub}
  0x0000008000c60514: 0f85 660b | 3807 660f | 1f44 0000 
[Verified Entry Point]
  0x0000008000c60520: 8984 2400 | 90ff ff55 | 4881 ecb0 | 0000 0048 | 8954 2478 

  0x0000008000c60534: ;   {metadata(method data for {method} {0x0000008017010cc0} 'defineClass' '(Ljava/lang/String;[BIILjava/security/ProtectionDomain;)Ljava/lang/Class;' in 'java/lang/ClassLoader')}
  0x0000008000c60534: 48bb 70ed | 2558 8000 | 0000 8b83 | cc00 0000 | 83c0 0289 | 83cc 0000 | 0081 e0fe | 0700 0083 
  0x0000008000c60554: f800 0f84 | 4e03 0000 | 89b4 2494 | 0000 0089 | bc24 9000 | 0000 4c89 | 8c24 8800 | 0000 488b 
  0x0000008000c60574: ;   {metadata(method data for {method} {0x0000008017010cc0} 'defineClass' '(Ljava/lang/String;[BIILjava/security/ProtectionDomain;)Ljava/lang/Class;' in 'java/lang/ClassLoader')}
  0x0000008000c60574: da48 b870 | ed25 5880 | 0000 0048 | 8380 1001 | 0000 0149 | 8bd8 4c8b | c34c 8bc9 | 488b ca48 
  0x0000008000c60594: 8bd1 4889 | 9c24 8000 

  0x0000008000c6059c: ;   {optimized virtual_call}
  0x0000008000c6059c: 0000 90e8 

  0x0000008000c605a0: ; ImmutableOopMap {[120]=Oop [136]=Oop [128]=Oop }
                      ;*invokevirtual preDefineClass {reexecute=0 rethrow=0 return_oop=0}
                      ; - java.lang.ClassLoader::defineClass@4 (line 1015)
  0x0000008000c605a0: 7ceb f3ff | 4889 8424 | 9800 0000 | 488b 5424 

  0x0000008000c605b0: ;   {metadata(method data for {method} {0x0000008017010cc0} 'defineClass' '(Ljava/lang/String;[BIILjava/security/ProtectionDomain;)Ljava/lang/Class;' in 'java/lang/ClassLoader')}
  0x0000008000c605b0: 7849 b870 | ed25 5880 | 0000 0049 | 8380 4801 

  0x0000008000c605c0: ;   {metadata(method data for {method} {0x0000008017010ed0} 'defineClassSourceLocation' '(Ljava/security/ProtectionDomain;)Ljava/lang/String;' in 'java/lang/ClassLoader')}
  0x0000008000c605c0: 0000 0149 | b8c8 7e26 | 5880 0000 | 0041 8b90 | cc00 0000 | 83c2 0241 | 8990 cc00 | 0000 81e2 
  0x0000008000c605e0: feff 1f00 | 83fa 000f | 84de 0200 | 0048 3b00 

  0x0000008000c605f0: ;   {metadata(method data for {method} {0x0000008017010ed0} 'defineClassSourceLocation' '(Ljava/security/ProtectionDomain;)Ljava/lang/String;' in 'java/lang/ClassLoader')}
  0x0000008000c605f0: 4c8b c048 | bac8 7e26 | 5880 0000 | 0048 8382 | 1001 0000 | 0144 8b40 | 1049 83f8 

  0x0000008000c6060c: ;   {metadata(method data for {method} {0x0000008017010ed0} 'defineClassSourceLocation' '(Ljava/security/ProtectionDomain;)Ljava/lang/String;' in 'java/lang/ClassLoader')}
  0x0000008000c6060c: 0048 bac8 | 7e26 5880 | 0000 0048 | be58 0100 | 0000 0000 | 000f 850a | 0000 0048 | be48 0100 
  0x0000008000c6062c: 0000 0000 | 0048 8b3c | 3248 8d7f | 0148 893c | 320f 850f 

  0x0000008000c60640: ;   {oop(NULL)}
  0x0000008000c60640: 0000 0048 | bb00 0000 | 0000 0000 | 00e9 ad01 | 0000 493b | 0049 8bd0 

  0x0000008000c60658: ;   {metadata(method data for {method} {0x0000008017010ed0} 'defineClassSourceLocation' '(Ljava/security/ProtectionDomain;)Ljava/lang/String;' in 'java/lang/ClassLoader')}
  0x0000008000c60658: 48be c87e | 2658 8000 | 0000 4883 | 8668 0100 | 0001 418b | 500c 4883 

  0x0000008000c60670: ;   {metadata(method data for {method} {0x0000008017010ed0} 'defineClassSourceLocation' '(Ljava/security/ProtectionDomain;)Ljava/lang/String;' in 'java/lang/ClassLoader')}
  0x0000008000c60670: fa00 48be | c87e 2658 | 8000 0000 | 48bf b001 | 0000 0000 | 0000 0f85 | 0a00 0000 | 48bf a001 
  0x0000008000c60690: 0000 0000 | 0000 488b | 1c3e 488d | 5b01 4889 | 1c3e 0f85 | 0f00 0000 

  0x0000008000c606a8: ;   {oop(NULL)}
  0x0000008000c606a8: 48bb 0000 | 0000 0000 | 0000 e948 

  0x0000008000c606b4: ;   {metadata(method data for {method} {0x0000008017010ed0} 'defineClassSourceLocation' '(Ljava/security/ProtectionDomain;)Ljava/lang/String;' in 'java/lang/ClassLoader')}
  0x0000008000c606b4: 0100 0048 | bec8 7e26 | 5880 0000 | 0048 8386 | c001 0000 | 0148 3b02 

  0x0000008000c606cc: ;   {metadata(method data for {method} {0x0000008017010ed0} 'defineClassSourceLocation' '(Ljava/security/ProtectionDomain;)Ljava/lang/String;' in 'java/lang/ClassLoader')}
  0x0000008000c606cc: 4c8b c248 | bec8 7e26 | 5880 0000 | 0048 8386 | f801 0000 

  0x0000008000c606e0: ;   {metadata(method data for {method} {0x0000008017069930} 'toString' '()Ljava/lang/String;' in 'java/net/URL')}
  0x0000008000c606e0: 0149 b878 | 5f13 5880 | 0000 0041 | 8bb0 cc00 | 0000 83c6 | 0241 89b0 | cc00 0000 | 81e6 feff 
  0x0000008000c60700: 1f00 83fe | 000f 84f0 | 0100 004c 

  0x0000008000c6070c: ;   {metadata(method data for {method} {0x0000008017069930} 'toString' '()Ljava/lang/String;' in 'java/net/URL')}
  0x0000008000c6070c: 8bc2 48be | 785f 1358 | 8000 0000 | 4883 8610 | 0100 0001 

  0x0000008000c60720: ;   {metadata(method data for {method} {0x000000801706a1c8} 'toExternalForm' '()Ljava/lang/String;' in 'java/net/URL')}
  0x0000008000c60720: 49b8 0061 | 1358 8000 | 0000 418b | b0cc 0000 | 0083 c602 | 4189 b0cc | 0000 0081 | e6fe ff1f 
  0x0000008000c60740: 0083 fe00 | 0f84 d201 | 0000 8b72 | 3848 3b06 

  0x0000008000c60750: ;   {metadata(method data for {method} {0x000000801706a1c8} 'toExternalForm' '()Ljava/lang/String;' in 'java/net/URL')}
  0x0000008000c60750: 4c8b c648 | bf00 6113 | 5880 0000 | 0045 8b40 | 0849 ba00 | 0000 1780 | 0000 004d | 03c2 4c3b 
  0x0000008000c60770: 8720 0100 | 0075 0d48 | 8387 2801 | 0000 01e9 | 6600 0000 | 4c3b 8730 | 0100 0075 | 0d48 8387 
  0x0000008000c60790: 3801 0000 | 01e9 5000 | 0000 4881 | bf20 0100 | 0000 0000 | 0075 174c | 8987 2001 | 0000 48c7 
  0x0000008000c607b0: 8728 0100 | 0001 0000 | 00e9 2c00 | 0000 4881 | bf30 0100 | 0000 0000 | 0075 174c | 8987 3001 
  0x0000008000c607d0: 0000 48c7 | 8738 0100 | 0001 0000 | 00e9 0800 | 0000 4883 | 8710 0100 | 0001 4c8b | c248 8bd6 
  0x0000008000c607f0: 0f1f 8000 

  0x0000008000c607f4: ;   {optimized virtual_call}
  0x0000008000c607f4: 0000 00e8 

  0x0000008000c607f8: ; ImmutableOopMap {[120]=Oop [136]=Oop [128]=Oop [152]=Oop }
                      ;*invokevirtual toExternalForm {reexecute=0 rethrow=0 return_oop=0}
                      ; - java.net.URL::toExternalForm@5 (line 1039)
                      ; - java.net.URL::toString@1 (line 1025)
                      ; - java.lang.ClassLoader::defineClassSourceLocation@22 (line 917)
                      ; - java.lang.ClassLoader::defineClass@12 (line 1016)
  0x0000008000c607f8: 44a9 f5ff | 488b d848 | 8b84 2498 | 0000 008b | b424 9400 | 0000 8bbc | 2490 0000 | 004c 8b8c 
  0x0000008000c60818: 2488 0000 | 004c 8b84 | 2480 0000 | 0048 8b54 

  0x0000008000c60828: ;   {metadata(method data for {method} {0x0000008017010cc0} 'defineClass' '(Ljava/lang/String;[BIILjava/security/ProtectionDomain;)Ljava/lang/Class;' in 'java/lang/ClassLoader')}
  0x0000008000c60828: 2478 48b9 | 70ed 2558 | 8000 0000 | 4883 8180 | 0100 0001 | 4c8b da49 | 8bd3 488b | c848 891c 
  0x0000008000c60848: 2466 0f1f 

  0x0000008000c6084c: ;   {static_call}
  0x0000008000c6084c: 4400 00e8 

  0x0000008000c60850: ; ImmutableOopMap {[152]=Oop [120]=Oop }
                      ;*invokestatic defineClass1 {reexecute=0 rethrow=0 return_oop=0}
                      ; - java.lang.ClassLoader::defineClass@27 (line 1017)
  0x0000008000c60850: 6c7d 9207 | 488b 5424 

  0x0000008000c60858: ;   {metadata(method data for {method} {0x0000008017010cc0} 'defineClass' '(Ljava/lang/String;[BIILjava/security/ProtectionDomain;)Ljava/lang/Class;' in 'java/lang/ClassLoader')}
  0x0000008000c60858: 7849 b870 | ed25 5880 | 0000 0049 | 8380 9001 | 0000 014c | 8bc0 4c8b | 8c24 9800 | 0000 488b 
  0x0000008000c60878: 5424 7848 | 8984 24a0 | 0000 000f 

  0x0000008000c60884: ;   {optimized virtual_call}
  0x0000008000c60884: 1f40 00e8 

  0x0000008000c60888: ; ImmutableOopMap {[160]=Oop }
                      ;*invokevirtual postDefineClass {reexecute=0 rethrow=0 return_oop=0}
                      ; - java.lang.ClassLoader::defineClass@37 (line 1018)
  0x0000008000c60888: 941d feff | 488b 8424 | a000 0000 | 4881 c4b0 | 0000 005d 

  0x0000008000c6089c: ;   {poll_return}
  0x0000008000c6089c: 493b a750 | 0300 000f | 8799 0000 

  0x0000008000c608a8: ;   {metadata({method} {0x0000008017010cc0} 'defineClass' '(Ljava/lang/String;[BIILjava/security/ProtectionDomain;)Ljava/lang/Class;' in 'java/lang/ClassLoader')}
  0x0000008000c608a8: 00c3 49ba | b80c 0117 | 8000 0000 | 4c89 5424 | 0848 c704 | 24ff ffff 

  0x0000008000c608c0: ;   {runtime_call counter_overflow Runtime1 stub}
  0x0000008000c608c0: ffe8 ba8e 

  0x0000008000c608c4: ; ImmutableOopMap {rdx=Oop [120]=Oop r8=Oop r9=Oop rcx=Oop }
                      ;*synchronization entry
                      ; - java.lang.ClassLoader::defineClass@-1 (line 1015)
  0x0000008000c608c4: 4207 e991 

  0x0000008000c608c8: ;   {metadata({method} {0x0000008017010ed0} 'defineClassSourceLocation' '(Ljava/security/ProtectionDomain;)Ljava/lang/String;' in 'java/lang/ClassLoader')}
  0x0000008000c608c8: fcff ff49 | bac8 0e01 | 1780 0000 | 004c 8954 | 2408 48c7 | 0424 ffff 

  0x0000008000c608e0: ;   {runtime_call counter_overflow Runtime1 stub}
  0x0000008000c608e0: ffff e899 

  0x0000008000c608e4: ; ImmutableOopMap {[120]=Oop [136]=Oop [128]=Oop rax=Oop [152]=Oop }
                      ;*synchronization entry
                      ; - java.lang.ClassLoader::defineClassSourceLocation@-1 (line 914)
                      ; - java.lang.ClassLoader::defineClass@12 (line 1016)
  0x0000008000c608e4: 8e42 07e9 | 01fd ffff 

  0x0000008000c608ec: ;   {runtime_call throw_null_pointer_exception Runtime1 stub}
  0x0000008000c608ec: e8af 3a42 

  0x0000008000c608f0: ; ImmutableOopMap {[120]=Oop [136]=Oop [128]=Oop rax=Oop [152]=Oop }
                      ;*invokevirtual getCodeSource {reexecute=0 rethrow=0 return_oop=0}
                      ; - java.lang.ClassLoader::defineClassSourceLocation@1 (line 914)
                      ; - java.lang.ClassLoader::defineClass@12 (line 1016)
                      ;   {runtime_call throw_null_pointer_exception Runtime1 stub}
  0x0000008000c608f0: 07e8 aa3a 

  0x0000008000c608f4: ; ImmutableOopMap {[120]=Oop [136]=Oop [128]=Oop rax=Oop [152]=Oop r8=Oop }
                      ;*invokevirtual getLocation {reexecute=0 rethrow=0 return_oop=0}
                      ; - java.lang.ClassLoader::defineClassSourceLocation@12 (line 916)
                      ; - java.lang.ClassLoader::defineClass@12 (line 1016)
                      ;   {runtime_call throw_null_pointer_exception Runtime1 stub}
  0x0000008000c608f4: 4207 e8a5 

  0x0000008000c608f8: ; ImmutableOopMap {[120]=Oop [136]=Oop [128]=Oop [152]=Oop rdx=Oop }
                      ;*invokevirtual toString {reexecute=0 rethrow=0 return_oop=0}
                      ; - java.lang.ClassLoader::defineClassSourceLocation@22 (line 917)
                      ; - java.lang.ClassLoader::defineClass@12 (line 1016)
                      ;   {metadata({method} {0x0000008017069930} 'toString' '()Ljava/lang/String;' in 'java/net/URL')}
  0x0000008000c608f8: 3a42 0749 | ba28 9906 | 1780 0000 | 004c 8954 | 2408 48c7 | 0424 ffff 

  0x0000008000c60910: ;   {runtime_call counter_overflow Runtime1 stub}
  0x0000008000c60910: ffff e869 

  0x0000008000c60914: ; ImmutableOopMap {[120]=Oop [136]=Oop [128]=Oop [152]=Oop rdx=Oop }
                      ;*synchronization entry
                      ; - java.net.URL::toString@-1 (line 1025)
                      ; - java.lang.ClassLoader::defineClassSourceLocation@22 (line 917)
                      ; - java.lang.ClassLoader::defineClass@12 (line 1016)
  0x0000008000c60914: 8e42 07e9 | effd ffff 

  0x0000008000c6091c: ;   {metadata({method} {0x000000801706a1c8} 'toExternalForm' '()Ljava/lang/String;' in 'java/net/URL')}
  0x0000008000c6091c: 49ba c0a1 | 0617 8000 | 0000 4c89 | 5424 0848 | c704 24ff 

  0x0000008000c60930: ;   {runtime_call counter_overflow Runtime1 stub}
  0x0000008000c60930: ffff ffe8 

  0x0000008000c60934: ; ImmutableOopMap {[120]=Oop [136]=Oop [128]=Oop [152]=Oop rdx=Oop }
                      ;*synchronization entry
                      ; - java.net.URL::toExternalForm@-1 (line 1039)
                      ; - java.net.URL::toString@1 (line 1025)
                      ; - java.lang.ClassLoader::defineClassSourceLocation@22 (line 917)
                      ; - java.lang.ClassLoader::defineClass@12 (line 1016)
  0x0000008000c60934: 488e 4207 | e90d feff 

  0x0000008000c6093c: ;   {runtime_call throw_null_pointer_exception Runtime1 stub}
  0x0000008000c6093c: ffe8 5e3a 

  0x0000008000c60940: ; ImmutableOopMap {[120]=Oop [136]=Oop [128]=Oop [152]=Oop rdx=Oop rsi=Oop }
                      ;*invokevirtual toExternalForm {reexecute=0 rethrow=0 return_oop=0}
                      ; - java.net.URL::toExternalForm@5 (line 1039)
                      ; - java.net.URL::toString@1 (line 1025)
                      ; - java.lang.ClassLoader::defineClassSourceLocation@22 (line 917)
                      ; - java.lang.ClassLoader::defineClass@12 (line 1016)
                      ;   {internal_word}
  0x0000008000c60940: 4207 49ba | 9c08 c600 | 8000 0000 | 4d89 9768 

  0x0000008000c60950: ;   {runtime_call SafepointBlob}
  0x0000008000c60950: 0300 00e9 | a870 3807 | 9090 498b | 87e0 0300 | 0049 c787 | e003 0000 | 0000 0000 | 49c7 87e8 
  0x0000008000c60970: 0300 0000 | 0000 0048 | 81c4 b000 

  0x0000008000c6097c: ;   {runtime_call unwind_exception Runtime1 stub}
  0x0000008000c6097c: 0000 5de9 | fc53 3907 | f4f4 f4f4 | f4f4 f4f4 | f4f4 f4f4 | f4f4 f4f4 | f4f4 f4f4 | f4f4 f4f4 
  0x0000008000c6099c: f4f4 f4f4 
[Stub Code]
  0x0000008000c609a0: ;   {no_reloc}
  0x0000008000c609a0: 0f1f 4400 

  0x0000008000c609a4: ;   {static_stub}
  0x0000008000c609a4: 0048 bb00 | 0000 0000 

  0x0000008000c609ac: ;   {runtime_call}
  0x0000008000c609ac: 0000 00e9 | fbff ffff 

  0x0000008000c609b4: ;   {static_stub}
  0x0000008000c609b4: 9048 bb00 | 0000 0000 

  0x0000008000c609bc: ;   {runtime_call}
  0x0000008000c609bc: 0000 00e9 | fbff ffff 

  0x0000008000c609c4: ;   {static_stub}
  0x0000008000c609c4: 9048 bb00 | 0000 0000 

  0x0000008000c609cc: ;   {runtime_call}
  0x0000008000c609cc: 0000 00e9 | fbff ffff 

  0x0000008000c609d4: ;   {static_stub}
  0x0000008000c609d4: 9048 bb00 | 0000 0000 

  0x0000008000c609dc: ;   {runtime_call}
  0x0000008000c609dc: 0000 00e9 | fbff ffff 
[Exception Handler]
  0x0000008000c609e4: ;   {runtime_call handle_exception_from_callee Runtime1 stub}
  0x0000008000c609e4: e897 5742 

  0x0000008000c609e8: ;   {external_word}
  0x0000008000c609e8: 0748 b940 | ca2d fdf9 | 7f00 0048 

  0x0000008000c609f4: ;   {runtime_call}
  0x0000008000c609f4: 83e4 f049 | ba00 53f6 | fcf9 7f00 | 0041 ffd2 

  0x0000008000c60a04: ;   {section_word}
  0x0000008000c60a04: f449 ba05 | 0ac6 0080 | 0000 0041 

  0x0000008000c60a10: ;   {runtime_call DeoptimizationBlob}
  0x0000008000c60a10: 52e9 8a62 | 3807 f4f4 
[/MachCode]


Compiled method (c1)    3816 1048       3       java.security.SecureClassLoader::defineClass (16 bytes)
 total in heap  [0x0000008000c3cc10,0x0000008000c3d000] = 1008
 relocation     [0x0000008000c3cd68,0x0000008000c3cdb0] = 72
 main code      [0x0000008000c3cdc0,0x0000008000c3cf00] = 320
 stub code      [0x0000008000c3cf00,0x0000008000c3cf58] = 88
 metadata       [0x0000008000c3cf58,0x0000008000c3cf60] = 8
 scopes data    [0x0000008000c3cf60,0x0000008000c3cfa8] = 72
 scopes pcs     [0x0000008000c3cfa8,0x0000008000c3cff8] = 80
 dependencies   [0x0000008000c3cff8,0x0000008000c3d000] = 8

[Constant Pool (empty)]

[MachCode]
[Entry Point]
  # {method} {0x0000008017434328} 'defineClass' '(Ljava/lang/String;[BIILjava/security/CodeSource;)Ljava/lang/Class;' in 'java/security/SecureClassLoader'
  # this:     rdx:rdx   = 'java/security/SecureClassLoader'
  # parm0:    r8:r8     = 'java/lang/String'
  # parm1:    r9:r9     = '[B'
  # parm2:    rdi       = int
  # parm3:    rsi       = int
  # parm4:    rcx:rcx   = 'java/security/CodeSource'
  #           [sp+0x80]  (sp of caller)
  0x0000008000c3cdc0: 448b 5208 | 49bb 0000 | 0017 8000 | 0000 4d03 | d34c 3bd0 

  0x0000008000c3cdd4: ;   {runtime_call ic_miss_stub}
  0x0000008000c3cdd4: 0f85 a642 | 3a07 660f | 1f44 0000 
[Verified Entry Point]
  0x0000008000c3cde0: 8984 2400 | 90ff ff55 | 4883 ec70 

  0x0000008000c3cdec: ;   {metadata(method data for {method} {0x0000008017434328} 'defineClass' '(Ljava/lang/String;[BIILjava/security/CodeSource;)Ljava/lang/Class;' in 'java/security/SecureClassLoader')}
  0x0000008000c3cdec: 48bb 7821 | 1c58 8000 | 0000 8b83 | cc00 0000 | 83c0 0289 | 83cc 0000 | 0081 e0fe | 0700 0083 
  0x0000008000c3ce0c: f800 0f84 | 8b00 0000 | 8974 245c | 897c 2458 | 4c89 4c24 | 504c 8944 | 2448 488b 

  0x0000008000c3ce28: ;   {metadata(method data for {method} {0x0000008017434328} 'defineClass' '(Ljava/lang/String;[BIILjava/security/CodeSource;)Ljava/lang/Class;' in 'java/security/SecureClassLoader')}
  0x0000008000c3ce28: da48 b878 | 211c 5880 | 0000 0048 | 8380 1001 | 0000 014c | 8bc1 488b | c248 8bd0 | 4889 4424 
  0x0000008000c3ce48: 4066 0f1f 

  0x0000008000c3ce4c: ;   {optimized virtual_call}
  0x0000008000c3ce4c: 4400 00e8 

  0x0000008000c3ce50: ; ImmutableOopMap {[80]=Oop [64]=Oop [72]=Oop }
                      ;*invokevirtual getProtectionDomain {reexecute=0 rethrow=0 return_oop=0}
                      ; - java.security.SecureClassLoader::defineClass@9 (line 150)
  0x0000008000c3ce50: cc66 fdff | 488b 5424 

  0x0000008000c3ce58: ;   {metadata(method data for {method} {0x0000008017434328} 'defineClass' '(Ljava/lang/String;[BIILjava/security/CodeSource;)Ljava/lang/Class;' in 'java/security/SecureClassLoader')}
  0x0000008000c3ce58: 4049 b878 | 211c 5880 | 0000 0049 | 8380 4801 | 0000 014c | 8b44 2448 | 4c8b 4c24 | 508b 7c24 
  0x0000008000c3ce78: 588b 7424 | 5c48 8bc8 | 488b 5424 

  0x0000008000c3ce84: ;   {optimized virtual_call}
  0x0000008000c3ce84: 4066 90e8 

  0x0000008000c3ce88: ; ImmutableOopMap {}
                      ;*invokevirtual defineClass {reexecute=0 rethrow=0 return_oop=0}
                      ; - java.security.SecureClassLoader::defineClass@12 (line 150)
  0x0000008000c3ce88: 9436 0200 | 4883 c470 

  0x0000008000c3ce90: ;   {poll_return}
  0x0000008000c3ce90: 5d49 3ba7 | 5003 0000 | 0f87 2200 

  0x0000008000c3ce9c: ;   {metadata({method} {0x0000008017434328} 'defineClass' '(Ljava/lang/String;[BIILjava/security/CodeSource;)Ljava/lang/Class;' in 'java/security/SecureClassLoader')}
  0x0000008000c3ce9c: 0000 c349 | ba20 4343 | 1780 0000 | 004c 8954 | 2408 48c7 | 0424 ffff 

  0x0000008000c3ceb4: ;   {runtime_call counter_overflow Runtime1 stub}
  0x0000008000c3ceb4: ffff e8c5 

  0x0000008000c3ceb8: ; ImmutableOopMap {rdx=Oop r8=Oop r9=Oop rcx=Oop }
                      ;*synchronization entry
                      ; - java.security.SecureClassLoader::defineClass@-1 (line 150)
  0x0000008000c3ceb8: c844 07e9 | 54ff ffff 

  0x0000008000c3cec0: ;   {internal_word}
  0x0000008000c3cec0: 49ba 91ce | c300 8000 | 0000 4d89 | 9768 0300 

  0x0000008000c3ced0: ;   {runtime_call SafepointBlob}
  0x0000008000c3ced0: 00e9 2aab | 3a07 9090 | 498b 87e0 | 0300 0049 | c787 e003 | 0000 0000 | 0000 49c7 | 87e8 0300 
  0x0000008000c3cef0: 0000 0000 | 0048 83c4 

  0x0000008000c3cef8: ;   {runtime_call unwind_exception Runtime1 stub}
  0x0000008000c3cef8: 705d e981 | 8e3b 07f4 
[Stub Code]
  0x0000008000c3cf00: ;   {no_reloc}
  0x0000008000c3cf00: 0f1f 4400 

  0x0000008000c3cf04: ;   {static_stub}
  0x0000008000c3cf04: 0048 bb00 | 0000 0000 

  0x0000008000c3cf0c: ;   {runtime_call}
  0x0000008000c3cf0c: 0000 00e9 | fbff ffff 

  0x0000008000c3cf14: ;   {static_stub}
  0x0000008000c3cf14: 9048 bbb8 | 0c01 1780 

  0x0000008000c3cf1c: ;   {runtime_call I2C/C2I adapters}
  0x0000008000c3cf1c: 0000 00e9 | c7a7 3907 
[Exception Handler]
  0x0000008000c3cf24: ;   {runtime_call handle_exception_from_callee Runtime1 stub}
  0x0000008000c3cf24: e857 9244 

  0x0000008000c3cf28: ;   {external_word}
  0x0000008000c3cf28: 0748 b940 | ca2d fdf9 | 7f00 0048 

  0x0000008000c3cf34: ;   {runtime_call}
  0x0000008000c3cf34: 83e4 f049 | ba00 53f6 | fcf9 7f00 | 0041 ffd2 

  0x0000008000c3cf44: ;   {section_word}
  0x0000008000c3cf44: f449 ba45 | cfc3 0080 | 0000 0041 

  0x0000008000c3cf50: ;   {runtime_call DeoptimizationBlob}
  0x0000008000c3cf50: 52e9 4a9d | 3a07 f4f4 
[/MachCode]


---------------  P R O C E S S  ---------------

Threads class SMR info:
_java_thread_list=0x000000805cf044b0, length=15, elements={
0x00000080009b3750, 0x0000008016724880, 0x0000008016725240, 0x0000008016736490,
0x0000008016738e60, 0x0000008016739820, 0x000000801673a1e0, 0x0000008016747760,
0x000000801674c2c0, 0x000000801674f800, 0x000000805c4cd7d0, 0x000000805c555830,
0x000000805c555d10, 0x000000805ce92630, 0x000000805ca4e0c0
}

Java Threads: ( => current thread )
  0x00000080009b3750 JavaThread "main" [_thread_blocked, id=25108, stack(0x0000008000820000,0x0000008000920000)]
  0x0000008016724880 JavaThread "Reference Handler" daemon [_thread_blocked, id=63876, stack(0x0000008016a90000,0x0000008016b90000)]
  0x0000008016725240 JavaThread "Finalizer" daemon [_thread_blocked, id=36188, stack(0x0000008016b90000,0x0000008016c90000)]
  0x0000008016736490 JavaThread "Signal Dispatcher" daemon [_thread_blocked, id=30636, stack(0x0000008016c90000,0x0000008016d90000)]
  0x0000008016738e60 JavaThread "Attach Listener" daemon [_thread_blocked, id=59148, stack(0x0000008016d90000,0x0000008016e90000)]
  0x0000008016739820 JavaThread "Service Thread" daemon [_thread_blocked, id=47568, stack(0x0000008016e90000,0x0000008016f90000)]
  0x000000801673a1e0 JavaThread "Monitor Deflation Thread" daemon [_thread_blocked, id=5128, stack(0x000000805c000000,0x000000805c100000)]
  0x0000008016747760 JavaThread "C2 CompilerThread0" daemon [_thread_in_native, id=44132, stack(0x000000805c100000,0x000000805c200000)]
  0x000000801674c2c0 JavaThread "C1 CompilerThread0" daemon [_thread_blocked, id=32616, stack(0x000000805c200000,0x000000805c300000)]
  0x000000801674f800 JavaThread "Sweeper thread" daemon [_thread_blocked, id=12580, stack(0x000000805c300000,0x000000805c400000)]
  0x000000805c4cd7d0 JavaThread "Common-Cleaner" daemon [_thread_blocked, id=67492, stack(0x000000805c800000,0x000000805c900000)]
  0x000000805c555830 JavaThread "Monitor Ctrl-Break" daemon [_thread_in_native, id=13716, stack(0x000000805d100000,0x000000805d200000)]
  0x000000805c555d10 JavaThread "Notification Thread" daemon [_thread_blocked, id=40476, stack(0x000000805d200000,0x000000805d300000)]
  0x000000805ce92630 JavaThread "Thread-0" [_thread_blocked, id=1572, stack(0x000000805d400000,0x000000805d500000)]
=>0x000000805ca4e0c0 JavaThread "restartedMain" [_thread_in_vm, id=21700, stack(0x000000805d500000,0x000000805d600000)]

Other Threads:
  0x000000801671d2b0 VMThread "VM Thread" [stack: 0x0000008016990000,0x0000008016a90000] [id=58684]
  0x000000805c6a74a0 WatcherThread [stack: 0x000000805d300000,0x000000805d400000] [id=23184]
  0x0000008000a0bb80 GCTaskThread "GC Thread#0" [stack: 0x0000008014290000,0x0000008014390000] [id=43608]
  0x000000805cfa0d70 GCTaskThread "GC Thread#1" [stack: 0x000000805d600000,0x000000805d700000] [id=59704]
  0x000000805cf4b650 GCTaskThread "GC Thread#2" [stack: 0x000000805d700000,0x000000805d800000] [id=44976]
  0x000000805cf4b910 GCTaskThread "GC Thread#3" [stack: 0x000000805d800000,0x000000805d900000] [id=36260]
  0x000000805cf4bbd0 GCTaskThread "GC Thread#4" [stack: 0x000000805d900000,0x000000805da00000] [id=58836]
  0x000000805cf30480 GCTaskThread "GC Thread#5" [stack: 0x000000805da00000,0x000000805db00000] [id=51328]
  0x0000008000a1b5d0 ConcurrentGCThread "G1 Main Marker" [stack: 0x0000008014390000,0x0000008014490000] [id=38740]
  0x0000008000a1ccc0 ConcurrentGCThread "G1 Conc#0" [stack: 0x0000008014490000,0x0000008014590000] [id=61724]
  0x00000080165dc9c0 ConcurrentGCThread "G1 Refine#0" [stack: 0x0000008016790000,0x0000008016890000] [id=47172]
  0x00000080165dd300 ConcurrentGCThread "G1 Service" [stack: 0x0000008016890000,0x0000008016990000] [id=13492]

Threads with active compile tasks:
C2 CompilerThread0     3830 1532       4       org.springframework.boot.context.config.ConfigDataEnvironmentContributor$ContributorIterator::fetchIfNecessary (153 bytes)

VM state: not at safepoint (normal execution)

VM Mutex/Monitor currently owned by a thread:  ([mutex/lock_event])
[0x00000080001fccd0] Metaspace_lock - owner thread: 0x000000805ca4e0c0

Heap address: 0x000000008a800000, size: 1880 MB, Compressed Oops mode: 32-bit

CDS archive(s) mapped at: [0x0000008017000000-0x0000008017bb0000-0x0000008017bb0000), size 12255232, SharedBaseAddress: 0x0000008017000000, ArchiveRelocationMode: 1.
Compressed class space mapped at: 0x0000008018000000-0x0000008058000000, reserved size: 1073741824
Narrow klass base: 0x0000008017000000, Narrow klass shift: 0, Narrow klass range: 0x100000000

GC Precious Log:
 CPUs: 12 total, 12 available
 Memory: 7514M
 Large Page Support: Disabled
 NUMA Support: Disabled
 Compressed Oops: Enabled (32-bit)
 Heap Region Size: 1M
 Heap Min Capacity: 8M
 Heap Initial Capacity: 118M
 Heap Max Capacity: 1880M
 Pre-touch: Disabled
 Parallel Workers: 10
 Concurrent Workers: 3
 Concurrent Refinement Workers: 10
 Periodic GC: Disabled

Heap:
 garbage-first heap   total 120832K, used 18089K [0x000000008a800000, 0x0000000100000000)
  region size 1024K, 15 young (15360K), 3 survivors (3072K)
 Metaspace       used 8218K, committed 8512K, reserved 1114112K
  class space    used 1009K, committed 1152K, reserved 1048576K

Heap Regions: E=young(eden), S=young(survivor), O=old, HS=humongous(starts), HC=humongous(continues), CS=collection set, F=free, OA=open archive, CA=closed archive, TAMS=top-at-mark-start (previous, next)
|   0|0x000000008a800000, 0x000000008a900000, 0x000000008a900000|100%|HS|  |TAMS 0x000000008a800000, 0x000000008a800000| Complete 
|   1|0x000000008a900000, 0x000000008aa00000, 0x000000008aa00000|100%|HS|  |TAMS 0x000000008a900000, 0x000000008a900000| Complete 
|   2|0x000000008aa00000, 0x000000008ab00000, 0x000000008ab00000|100%| O|  |TAMS 0x000000008aa00000, 0x000000008aa00000| Untracked 
|   3|0x000000008ab00000, 0x000000008ac00000, 0x000000008ac00000|100%| O|  |TAMS 0x000000008ab00000, 0x000000008ab00000| Untracked 
|   4|0x000000008ac00000, 0x000000008acaa600, 0x000000008ad00000| 66%| O|  |TAMS 0x000000008ac00000, 0x000000008ac00000| Untracked 
|   5|0x000000008ad00000, 0x000000008ad00000, 0x000000008ae00000|  0%| F|  |TAMS 0x000000008ad00000, 0x000000008ad00000| Untracked 
|   6|0x000000008ae00000, 0x000000008ae00000, 0x000000008af00000|  0%| F|  |TAMS 0x000000008ae00000, 0x000000008ae00000| Untracked 
|   7|0x000000008af00000, 0x000000008af00000, 0x000000008b000000|  0%| F|  |TAMS 0x000000008af00000, 0x000000008af00000| Untracked 
|   8|0x000000008b000000, 0x000000008b000000, 0x000000008b100000|  0%| F|  |TAMS 0x000000008b000000, 0x000000008b000000| Untracked 
|   9|0x000000008b100000, 0x000000008b100000, 0x000000008b200000|  0%| F|  |TAMS 0x000000008b100000, 0x000000008b100000| Untracked 
|  10|0x000000008b200000, 0x000000008b200000, 0x000000008b300000|  0%| F|  |TAMS 0x000000008b200000, 0x000000008b200000| Untracked 
|  11|0x000000008b300000, 0x000000008b300000, 0x000000008b400000|  0%| F|  |TAMS 0x000000008b300000, 0x000000008b300000| Untracked 
|  12|0x000000008b400000, 0x000000008b400000, 0x000000008b500000|  0%| F|  |TAMS 0x000000008b400000, 0x000000008b400000| Untracked 
|  13|0x000000008b500000, 0x000000008b500000, 0x000000008b600000|  0%| F|  |TAMS 0x000000008b500000, 0x000000008b500000| Untracked 
|  14|0x000000008b600000, 0x000000008b600000, 0x000000008b700000|  0%| F|  |TAMS 0x000000008b600000, 0x000000008b600000| Untracked 
|  15|0x000000008b700000, 0x000000008b700000, 0x000000008b800000|  0%| F|  |TAMS 0x000000008b700000, 0x000000008b700000| Untracked 
|  16|0x000000008b800000, 0x000000008b800000, 0x000000008b900000|  0%| F|  |TAMS 0x000000008b800000, 0x000000008b800000| Untracked 
|  17|0x000000008b900000, 0x000000008b900000, 0x000000008ba00000|  0%| F|  |TAMS 0x000000008b900000, 0x000000008b900000| Untracked 
|  18|0x000000008ba00000, 0x000000008ba00000, 0x000000008bb00000|  0%| F|  |TAMS 0x000000008ba00000, 0x000000008ba00000| Untracked 
|  19|0x000000008bb00000, 0x000000008bb00000, 0x000000008bc00000|  0%| F|  |TAMS 0x000000008bb00000, 0x000000008bb00000| Untracked 
|  20|0x000000008bc00000, 0x000000008bc00000, 0x000000008bd00000|  0%| F|  |TAMS 0x000000008bc00000, 0x000000008bc00000| Untracked 
|  21|0x000000008bd00000, 0x000000008bd00000, 0x000000008be00000|  0%| F|  |TAMS 0x000000008bd00000, 0x000000008bd00000| Untracked 
|  22|0x000000008be00000, 0x000000008be00000, 0x000000008bf00000|  0%| F|  |TAMS 0x000000008be00000, 0x000000008be00000| Untracked 
|  23|0x000000008bf00000, 0x000000008bf00000, 0x000000008c000000|  0%| F|  |TAMS 0x000000008bf00000, 0x000000008bf00000| Untracked 
|  24|0x000000008c000000, 0x000000008c000000, 0x000000008c100000|  0%| F|  |TAMS 0x000000008c000000, 0x000000008c000000| Untracked 
|  25|0x000000008c100000, 0x000000008c100000, 0x000000008c200000|  0%| F|  |TAMS 0x000000008c100000, 0x000000008c100000| Untracked 
|  26|0x000000008c200000, 0x000000008c200000, 0x000000008c300000|  0%| F|  |TAMS 0x000000008c200000, 0x000000008c200000| Untracked 
|  27|0x000000008c300000, 0x000000008c300000, 0x000000008c400000|  0%| F|  |TAMS 0x000000008c300000, 0x000000008c300000| Untracked 
|  28|0x000000008c400000, 0x000000008c400000, 0x000000008c500000|  0%| F|  |TAMS 0x000000008c400000, 0x000000008c400000| Untracked 
|  29|0x000000008c500000, 0x000000008c500000, 0x000000008c600000|  0%| F|  |TAMS 0x000000008c500000, 0x000000008c500000| Untracked 
|  30|0x000000008c600000, 0x000000008c600000, 0x000000008c700000|  0%| F|  |TAMS 0x000000008c600000, 0x000000008c600000| Untracked 
|  31|0x000000008c700000, 0x000000008c700000, 0x000000008c800000|  0%| F|  |TAMS 0x000000008c700000, 0x000000008c700000| Untracked 
|  32|0x000000008c800000, 0x000000008c800000, 0x000000008c900000|  0%| F|  |TAMS 0x000000008c800000, 0x000000008c800000| Untracked 
|  33|0x000000008c900000, 0x000000008c900000, 0x000000008ca00000|  0%| F|  |TAMS 0x000000008c900000, 0x000000008c900000| Untracked 
|  34|0x000000008ca00000, 0x000000008ca00000, 0x000000008cb00000|  0%| F|  |TAMS 0x000000008ca00000, 0x000000008ca00000| Untracked 
|  35|0x000000008cb00000, 0x000000008cb00000, 0x000000008cc00000|  0%| F|  |TAMS 0x000000008cb00000, 0x000000008cb00000| Untracked 
|  36|0x000000008cc00000, 0x000000008cc00000, 0x000000008cd00000|  0%| F|  |TAMS 0x000000008cc00000, 0x000000008cc00000| Untracked 
|  37|0x000000008cd00000, 0x000000008cd00000, 0x000000008ce00000|  0%| F|  |TAMS 0x000000008cd00000, 0x000000008cd00000| Untracked 
|  38|0x000000008ce00000, 0x000000008ce00000, 0x000000008cf00000|  0%| F|  |TAMS 0x000000008ce00000, 0x000000008ce00000| Untracked 
|  39|0x000000008cf00000, 0x000000008cf00000, 0x000000008d000000|  0%| F|  |TAMS 0x000000008cf00000, 0x000000008cf00000| Untracked 
|  40|0x000000008d000000, 0x000000008d000000, 0x000000008d100000|  0%| F|  |TAMS 0x000000008d000000, 0x000000008d000000| Untracked 
|  41|0x000000008d100000, 0x000000008d100000, 0x000000008d200000|  0%| F|  |TAMS 0x000000008d100000, 0x000000008d100000| Untracked 
|  42|0x000000008d200000, 0x000000008d200000, 0x000000008d300000|  0%| F|  |TAMS 0x000000008d200000, 0x000000008d200000| Untracked 
|  43|0x000000008d300000, 0x000000008d300000, 0x000000008d400000|  0%| F|  |TAMS 0x000000008d300000, 0x000000008d300000| Untracked 
|  44|0x000000008d400000, 0x000000008d400000, 0x000000008d500000|  0%| F|  |TAMS 0x000000008d400000, 0x000000008d400000| Untracked 
|  45|0x000000008d500000, 0x000000008d500000, 0x000000008d600000|  0%| F|  |TAMS 0x000000008d500000, 0x000000008d500000| Untracked 
|  46|0x000000008d600000, 0x000000008d600000, 0x000000008d700000|  0%| F|  |TAMS 0x000000008d600000, 0x000000008d600000| Untracked 
|  47|0x000000008d700000, 0x000000008d700000, 0x000000008d800000|  0%| F|  |TAMS 0x000000008d700000, 0x000000008d700000| Untracked 
|  48|0x000000008d800000, 0x000000008d800000, 0x000000008d900000|  0%| F|  |TAMS 0x000000008d800000, 0x000000008d800000| Untracked 
|  49|0x000000008d900000, 0x000000008d900000, 0x000000008da00000|  0%| F|  |TAMS 0x000000008d900000, 0x000000008d900000| Untracked 
|  50|0x000000008da00000, 0x000000008da00000, 0x000000008db00000|  0%| F|  |TAMS 0x000000008da00000, 0x000000008da00000| Untracked 
|  51|0x000000008db00000, 0x000000008db00000, 0x000000008dc00000|  0%| F|  |TAMS 0x000000008db00000, 0x000000008db00000| Untracked 
|  52|0x000000008dc00000, 0x000000008dc00000, 0x000000008dd00000|  0%| F|  |TAMS 0x000000008dc00000, 0x000000008dc00000| Untracked 
|  53|0x000000008dd00000, 0x000000008dd00000, 0x000000008de00000|  0%| F|  |TAMS 0x000000008dd00000, 0x000000008dd00000| Untracked 
|  54|0x000000008de00000, 0x000000008de00000, 0x000000008df00000|  0%| F|  |TAMS 0x000000008de00000, 0x000000008de00000| Untracked 
|  55|0x000000008df00000, 0x000000008df00000, 0x000000008e000000|  0%| F|  |TAMS 0x000000008df00000, 0x000000008df00000| Untracked 
|  56|0x000000008e000000, 0x000000008e000000, 0x000000008e100000|  0%| F|  |TAMS 0x000000008e000000, 0x000000008e000000| Untracked 
|  57|0x000000008e100000, 0x000000008e100000, 0x000000008e200000|  0%| F|  |TAMS 0x000000008e100000, 0x000000008e100000| Untracked 
|  58|0x000000008e200000, 0x000000008e200000, 0x000000008e300000|  0%| F|  |TAMS 0x000000008e200000, 0x000000008e200000| Untracked 
|  59|0x000000008e300000, 0x000000008e300000, 0x000000008e400000|  0%| F|  |TAMS 0x000000008e300000, 0x000000008e300000| Untracked 
|  60|0x000000008e400000, 0x000000008e400000, 0x000000008e500000|  0%| F|  |TAMS 0x000000008e400000, 0x000000008e400000| Untracked 
|  61|0x000000008e500000, 0x000000008e500000, 0x000000008e600000|  0%| F|  |TAMS 0x000000008e500000, 0x000000008e500000| Untracked 
|  62|0x000000008e600000, 0x000000008e600000, 0x000000008e700000|  0%| F|  |TAMS 0x000000008e600000, 0x000000008e600000| Untracked 
|  63|0x000000008e700000, 0x000000008e700000, 0x000000008e800000|  0%| F|  |TAMS 0x000000008e700000, 0x000000008e700000| Untracked 
|  64|0x000000008e800000, 0x000000008e800000, 0x000000008e900000|  0%| F|  |TAMS 0x000000008e800000, 0x000000008e800000| Untracked 
|  65|0x000000008e900000, 0x000000008e900000, 0x000000008ea00000|  0%| F|  |TAMS 0x000000008e900000, 0x000000008e900000| Untracked 
|  66|0x000000008ea00000, 0x000000008ea00000, 0x000000008eb00000|  0%| F|  |TAMS 0x000000008ea00000, 0x000000008ea00000| Untracked 
|  67|0x000000008eb00000, 0x000000008eb00000, 0x000000008ec00000|  0%| F|  |TAMS 0x000000008eb00000, 0x000000008eb00000| Untracked 
|  68|0x000000008ec00000, 0x000000008ec00000, 0x000000008ed00000|  0%| F|  |TAMS 0x000000008ec00000, 0x000000008ec00000| Untracked 
|  69|0x000000008ed00000, 0x000000008ed00000, 0x000000008ee00000|  0%| F|  |TAMS 0x000000008ed00000, 0x000000008ed00000| Untracked 
|  70|0x000000008ee00000, 0x000000008ee00000, 0x000000008ef00000|  0%| F|  |TAMS 0x000000008ee00000, 0x000000008ee00000| Untracked 
|  71|0x000000008ef00000, 0x000000008ef00000, 0x000000008f000000|  0%| F|  |TAMS 0x000000008ef00000, 0x000000008ef00000| Untracked 
|  72|0x000000008f000000, 0x000000008f000000, 0x000000008f100000|  0%| F|  |TAMS 0x000000008f000000, 0x000000008f000000| Untracked 
|  73|0x000000008f100000, 0x000000008f100000, 0x000000008f200000|  0%| F|  |TAMS 0x000000008f100000, 0x000000008f100000| Untracked 
|  74|0x000000008f200000, 0x000000008f200000, 0x000000008f300000|  0%| F|  |TAMS 0x000000008f200000, 0x000000008f200000| Untracked 
|  75|0x000000008f300000, 0x000000008f300000, 0x000000008f400000|  0%| F|  |TAMS 0x000000008f300000, 0x000000008f300000| Untracked 
|  76|0x000000008f400000, 0x000000008f400000, 0x000000008f500000|  0%| F|  |TAMS 0x000000008f400000, 0x000000008f400000| Untracked 
|  77|0x000000008f500000, 0x000000008f500000, 0x000000008f600000|  0%| F|  |TAMS 0x000000008f500000, 0x000000008f500000| Untracked 
|  78|0x000000008f600000, 0x000000008f600000, 0x000000008f700000|  0%| F|  |TAMS 0x000000008f600000, 0x000000008f600000| Untracked 
|  79|0x000000008f700000, 0x000000008f700000, 0x000000008f800000|  0%| F|  |TAMS 0x000000008f700000, 0x000000008f700000| Untracked 
|  80|0x000000008f800000, 0x000000008f800000, 0x000000008f900000|  0%| F|  |TAMS 0x000000008f800000, 0x000000008f800000| Untracked 
|  81|0x000000008f900000, 0x000000008f900000, 0x000000008fa00000|  0%| F|  |TAMS 0x000000008f900000, 0x000000008f900000| Untracked 
|  82|0x000000008fa00000, 0x000000008fa00000, 0x000000008fb00000|  0%| F|  |TAMS 0x000000008fa00000, 0x000000008fa00000| Untracked 
|  83|0x000000008fb00000, 0x000000008fb00000, 0x000000008fc00000|  0%| F|  |TAMS 0x000000008fb00000, 0x000000008fb00000| Untracked 
|  84|0x000000008fc00000, 0x000000008fc00000, 0x000000008fd00000|  0%| F|  |TAMS 0x000000008fc00000, 0x000000008fc00000| Untracked 
|  85|0x000000008fd00000, 0x000000008fd00000, 0x000000008fe00000|  0%| F|  |TAMS 0x000000008fd00000, 0x000000008fd00000| Untracked 
|  86|0x000000008fe00000, 0x000000008fe00000, 0x000000008ff00000|  0%| F|  |TAMS 0x000000008fe00000, 0x000000008fe00000| Untracked 
|  87|0x000000008ff00000, 0x000000008ff00000, 0x0000000090000000|  0%| F|  |TAMS 0x000000008ff00000, 0x000000008ff00000| Untracked 
|  88|0x0000000090000000, 0x0000000090000000, 0x0000000090100000|  0%| F|  |TAMS 0x0000000090000000, 0x0000000090000000| Untracked 
|  89|0x0000000090100000, 0x0000000090100000, 0x0000000090200000|  0%| F|  |TAMS 0x0000000090100000, 0x0000000090100000| Untracked 
|  90|0x0000000090200000, 0x0000000090200000, 0x0000000090300000|  0%| F|  |TAMS 0x0000000090200000, 0x0000000090200000| Untracked 
|  91|0x0000000090300000, 0x0000000090300000, 0x0000000090400000|  0%| F|  |TAMS 0x0000000090300000, 0x0000000090300000| Untracked 
|  92|0x0000000090400000, 0x0000000090500000, 0x0000000090500000|100%| S|CS|TAMS 0x0000000090400000, 0x0000000090400000| Complete 
|  93|0x0000000090500000, 0x0000000090600000, 0x0000000090600000|100%| S|CS|TAMS 0x0000000090500000, 0x0000000090500000| Complete 
|  94|0x0000000090600000, 0x0000000090700000, 0x0000000090700000|100%| S|CS|TAMS 0x0000000090600000, 0x0000000090600000| Complete 
|  95|0x0000000090700000, 0x0000000090700000, 0x0000000090800000|  0%| F|  |TAMS 0x0000000090700000, 0x0000000090700000| Untracked 
|  96|0x0000000090800000, 0x0000000090800000, 0x0000000090900000|  0%| F|  |TAMS 0x0000000090800000, 0x0000000090800000| Untracked 
|  97|0x0000000090900000, 0x0000000090900000, 0x0000000090a00000|  0%| F|  |TAMS 0x0000000090900000, 0x0000000090900000| Untracked 
|  98|0x0000000090a00000, 0x0000000090a00000, 0x0000000090b00000|  0%| F|  |TAMS 0x0000000090a00000, 0x0000000090a00000| Untracked 
|  99|0x0000000090b00000, 0x0000000090b00000, 0x0000000090c00000|  0%| F|  |TAMS 0x0000000090b00000, 0x0000000090b00000| Untracked 
| 100|0x0000000090c00000, 0x0000000090c00000, 0x0000000090d00000|  0%| F|  |TAMS 0x0000000090c00000, 0x0000000090c00000| Untracked 
| 101|0x0000000090d00000, 0x0000000090d00000, 0x0000000090e00000|  0%| F|  |TAMS 0x0000000090d00000, 0x0000000090d00000| Untracked 
| 102|0x0000000090e00000, 0x0000000090e00000, 0x0000000090f00000|  0%| F|  |TAMS 0x0000000090e00000, 0x0000000090e00000| Untracked 
| 103|0x0000000090f00000, 0x0000000090f00000, 0x0000000091000000|  0%| F|  |TAMS 0x0000000090f00000, 0x0000000090f00000| Untracked 
| 104|0x0000000091000000, 0x0000000091000000, 0x0000000091100000|  0%| F|  |TAMS 0x0000000091000000, 0x0000000091000000| Untracked 
| 105|0x0000000091100000, 0x0000000091100000, 0x0000000091200000|  0%| F|  |TAMS 0x0000000091100000, 0x0000000091100000| Untracked 
| 106|0x0000000091200000, 0x00000000912fde18, 0x0000000091300000| 99%| E|  |TAMS 0x0000000091200000, 0x0000000091200000| Complete 
| 107|0x0000000091300000, 0x0000000091400000, 0x0000000091400000|100%| E|  |TAMS 0x0000000091300000, 0x0000000091300000| Complete 
| 108|0x0000000091400000, 0x0000000091500000, 0x0000000091500000|100%| E|CS|TAMS 0x0000000091400000, 0x0000000091400000| Complete 
| 109|0x0000000091500000, 0x0000000091600000, 0x0000000091600000|100%| E|CS|TAMS 0x0000000091500000, 0x0000000091500000| Complete 
| 110|0x0000000091600000, 0x0000000091700000, 0x0000000091700000|100%| E|CS|TAMS 0x0000000091600000, 0x0000000091600000| Complete 
| 111|0x0000000091700000, 0x0000000091800000, 0x0000000091800000|100%| E|CS|TAMS 0x0000000091700000, 0x0000000091700000| Complete 
| 112|0x0000000091800000, 0x0000000091900000, 0x0000000091900000|100%| E|CS|TAMS 0x0000000091800000, 0x0000000091800000| Complete 
| 113|0x0000000091900000, 0x0000000091a00000, 0x0000000091a00000|100%| E|CS|TAMS 0x0000000091900000, 0x0000000091900000| Complete 
| 114|0x0000000091a00000, 0x0000000091b00000, 0x0000000091b00000|100%| E|CS|TAMS 0x0000000091a00000, 0x0000000091a00000| Complete 
| 115|0x0000000091b00000, 0x0000000091c00000, 0x0000000091c00000|100%| E|CS|TAMS 0x0000000091b00000, 0x0000000091b00000| Complete 
| 116|0x0000000091c00000, 0x0000000091d00000, 0x0000000091d00000|100%| E|CS|TAMS 0x0000000091c00000, 0x0000000091c00000| Complete 
| 117|0x0000000091d00000, 0x0000000091e00000, 0x0000000091e00000|100%| E|CS|TAMS 0x0000000091d00000, 0x0000000091d00000| Complete 

Card table byte_map: [0x000000800fff0000,0x00000080103a0000] _byte_map_base: 0x000000800fb9c000

Marking Bits (Prev, Next): (CMBitMap*) 0x0000008000a0c1a0, (CMBitMap*) 0x0000008000a0c1e0
 Prev Bits: [0x0000008010750000, 0x00000080124b0000)
 Next Bits: [0x00000080124b0000, 0x0000008014210000)

Polling page: 0x0000008000770000

Metaspace:

Usage:
  Non-class:      7.04 MB used.
      Class:   1009.73 KB used.
       Both:      8.03 MB used.

Virtual space:
  Non-class space:       64.00 MB reserved,       7.19 MB ( 11%) committed,  1 nodes.
      Class space:        1.00 GB reserved,       1.12 MB ( <1%) committed,  1 nodes.
             Both:        1.06 GB reserved,       8.31 MB ( <1%) committed. 

Chunk freelists:
   Non-Class:  7.98 MB
       Class:  14.75 MB
        Both:  22.74 MB

MaxMetaspaceSize: unlimited
CompressedClassSpaceSize: 1.00 GB
Initial GC threshold: 21.00 MB
Current GC threshold: 21.00 MB
CDS: on
MetaspaceReclaimPolicy: balanced
 - commit_granule_bytes: 65536.
 - commit_granule_words: 8192.
 - virtual_space_node_default_size: 8388608.
 - enlarge_chunks_in_place: 1.
 - new_chunks_are_fully_committed: 0.
 - uncommit_free_chunks: 1.
 - use_allocation_guard: 0.
 - handle_deallocations: 1.


Internal statistics:

num_allocs_failed_limit: 0.
num_arena_births: 266.
num_arena_deaths: 0.
num_vsnodes_births: 2.
num_vsnodes_deaths: 0.
num_space_committed: 133.
num_space_uncommitted: 0.
num_chunks_returned_to_freelist: 0.
num_chunks_taken_from_freelist: 531.
num_chunk_merges: 0.
num_chunk_splits: 329.
num_chunks_enlarged: 225.
num_inconsistent_stats: 0.

CodeHeap 'non-profiled nmethods': size=120000Kb used=556Kb max_used=556Kb free=119444Kb
 bounds [0x0000008008530000, 0x00000080087a0000, 0x000000800fa60000]
CodeHeap 'profiled nmethods': size=120000Kb used=2938Kb max_used=2938Kb free=117061Kb
 bounds [0x0000008000a60000, 0x0000008000d40000, 0x0000008007f90000]
CodeHeap 'non-nmethods': size=5760Kb used=1158Kb max_used=1172Kb free=4601Kb
 bounds [0x0000008007f90000, 0x0000008008200000, 0x0000008008530000]
 total_blobs=2045 nmethods=1595 adapters=362
 compilation: enabled
              stopped_count=0, restarted_count=0
 full_count=0

Compilation events (20 events):
Event: 3.714 Thread 0x000000801674c2c0 1590       3       org.springframework.boot.context.properties.source.SpringConfigurationPropertySources$$Lambda$114/0x00000080180bd988::apply (12 bytes)
Event: 3.715 Thread 0x000000801674c2c0 nmethod 1590 0x0000008000d3a190 code [0x0000008000d3a340, 0x0000008000d3a588]
Event: 3.715 Thread 0x000000801674c2c0 1591       3       org.springframework.boot.context.properties.source.SpringConfigurationPropertySources::adapt (74 bytes)
Event: 3.715 Thread 0x000000801674c2c0 nmethod 1591 0x0000008000d3a690 code [0x0000008000d3a8c0, 0x0000008000d3b258]
Event: 3.715 Thread 0x000000801674c2c0 1592       3       org.springframework.boot.context.properties.source.SpringConfigurationPropertySources$SourcesIterator::next (5 bytes)
Event: 3.716 Thread 0x000000801674c2c0 nmethod 1592 0x0000008000d3b490 code [0x0000008000d3b660, 0x0000008000d3b958]
Event: 3.716 Thread 0x000000801674c2c0 1593       3       org.springframework.boot.context.properties.source.SpringConfigurationPropertySources$SourcesIterator::next (24 bytes)
Event: 3.716 Thread 0x000000801674c2c0 nmethod 1593 0x0000008000d3ba90 code [0x0000008000d3bc40, 0x0000008000d3bed8]
Event: 3.718 Thread 0x000000801674c2c0 1594       3       java.util.Collections$EmptySet::iterator (4 bytes)
Event: 3.719 Thread 0x000000801674c2c0 nmethod 1594 0x0000008000d3c010 code [0x0000008000d3c1a0, 0x0000008000d3c318]
Event: 3.719 Thread 0x000000801674c2c0 1595       3       java.util.HashMap::keysToArray (81 bytes)
Event: 3.719 Thread 0x000000801674c2c0 nmethod 1595 0x0000008000d3c410 code [0x0000008000d3c5e0, 0x0000008000d3ca98]
Event: 3.719 Thread 0x000000801674c2c0 1596       3       java.lang.invoke.DirectMethodHandle$Holder::newInvokeSpecial (24 bytes)
Event: 3.720 Thread 0x000000801674c2c0 nmethod 1596 0x0000008000d3cc90 code [0x0000008000d3ce80, 0x0000008000d3d628]
Event: 3.723 Thread 0x000000801674c2c0 1597       3       java.util.Arrays::equals (43 bytes)
Event: 3.723 Thread 0x000000801674c2c0 nmethod 1597 0x0000008000d3d810 code [0x0000008000d3d9e0, 0x0000008000d3dcc8]
Event: 3.723 Thread 0x000000801674c2c0 1598       3       java.lang.invoke.LambdaForm::editor (5 bytes)
Event: 3.724 Thread 0x000000801674c2c0 nmethod 1598 0x0000008000d3dd90 code [0x0000008000d3df60, 0x0000008000d3e288]
Event: 3.724 Thread 0x000000801674c2c0 1599       3       java.lang.invoke.LambdaFormEditor::lambdaFormEditor (12 bytes)
Event: 3.724 Thread 0x000000801674c2c0 nmethod 1599 0x0000008000d3e410 code [0x0000008000d3e5c0, 0x0000008000d3e888]

GC Heap History (2 events):
Event: 2.506 GC heap before
{Heap before GC invocations=0 (full 0):
 garbage-first heap   total 120832K, used 25600K [0x000000008a800000, 0x0000000100000000)
  region size 1024K, 23 young (23552K), 0 survivors (0K)
 Metaspace       used 5401K, committed 5632K, reserved 1114112K
  class space    used 625K, committed 768K, reserved 1048576K
}
Event: 2.522 GC heap after
{Heap after GC invocations=1 (full 0):
 garbage-first heap   total 120832K, used 7849K [0x000000008a800000, 0x0000000100000000)
  region size 1024K, 3 young (3072K), 3 survivors (3072K)
 Metaspace       used 5401K, committed 5632K, reserved 1114112K
  class space    used 625K, committed 768K, reserved 1048576K
}

Dll operation events (12 events):
Event: 0.040 Loaded shared library C:\Program Files\Microsoft\jdk-17.0.10.7-hotspot\bin\java.dll
Event: 0.092 Loaded shared library C:\Program Files\Microsoft\jdk-17.0.10.7-hotspot\bin\jsvml.dll
Event: 0.395 Loaded shared library C:\Program Files\Microsoft\jdk-17.0.10.7-hotspot\bin\zip.dll
Event: 0.408 Loaded shared library C:\Program Files\Microsoft\jdk-17.0.10.7-hotspot\bin\instrument.dll
Event: 0.427 Loaded shared library C:\Program Files\Microsoft\jdk-17.0.10.7-hotspot\bin\net.dll
Event: 0.431 Loaded shared library C:\Program Files\Microsoft\jdk-17.0.10.7-hotspot\bin\nio.dll
Event: 0.441 Loaded shared library C:\Program Files\Microsoft\jdk-17.0.10.7-hotspot\bin\zip.dll
Event: 0.832 Loaded shared library C:\Program Files\JetBrains\IntelliJ IDEA Community Edition 2024.3.2.1\bin\breakgen64.dll
Event: 0.867 Loaded shared library C:\Program Files\Microsoft\jdk-17.0.10.7-hotspot\bin\extnet.dll
Event: 1.028 Loaded shared library C:\Program Files\Microsoft\jdk-17.0.10.7-hotspot\bin\jimage.dll
Event: 1.944 Loaded shared library C:\Program Files\Microsoft\jdk-17.0.10.7-hotspot\bin\management.dll
Event: 1.960 Loaded shared library C:\Program Files\Microsoft\jdk-17.0.10.7-hotspot\bin\management_ext.dll

Deoptimization events (20 events):
Event: 3.015 Thread 0x000000805ca4e0c0 Uncommon trap: trap_request=0xffffffde fr.pc=0x00000080085975dc relative=0x00000000000009bc
Event: 3.015 Thread 0x000000805ca4e0c0 Uncommon trap: reason=class_check action=maybe_recompile pc=0x00000080085975dc method=java.util.HashMap.putVal(ILjava/lang/Object;Ljava/lang/Object;ZZ)Ljava/lang/Object; @ 91 c2
Event: 3.015 Thread 0x000000805ca4e0c0 DEOPT PACKING pc=0x00000080085975dc sp=0x000000805d5fdc00
Event: 3.015 Thread 0x000000805ca4e0c0 DEOPT UNPACKING pc=0x0000008007fe69a3 sp=0x000000805d5fdb20 mode 2
Event: 3.216 Thread 0x000000805ca4e0c0 Uncommon trap: trap_request=0xffffffc6 fr.pc=0x000000800858bdac relative=0x000000000000054c
Event: 3.216 Thread 0x000000805ca4e0c0 Uncommon trap: reason=bimorphic_or_optimized_type_check action=maybe_recompile pc=0x000000800858bdac method=java.util.concurrent.ConcurrentHashMap.get(Ljava/lang/Object;)Ljava/lang/Object; @ 149 c2
Event: 3.216 Thread 0x000000805ca4e0c0 DEOPT PACKING pc=0x000000800858bdac sp=0x000000805d5fbd90
Event: 3.217 Thread 0x000000805ca4e0c0 DEOPT UNPACKING pc=0x0000008007fe69a3 sp=0x000000805d5fbd30 mode 2
Event: 3.525 Thread 0x000000805ca4e0c0 Uncommon trap: trap_request=0xffffffc6 fr.pc=0x000000800858bdac relative=0x000000000000054c
Event: 3.525 Thread 0x000000805ca4e0c0 Uncommon trap: reason=bimorphic_or_optimized_type_check action=maybe_recompile pc=0x000000800858bdac method=java.util.concurrent.ConcurrentHashMap.get(Ljava/lang/Object;)Ljava/lang/Object; @ 149 c2
Event: 3.525 Thread 0x000000805ca4e0c0 DEOPT PACKING pc=0x000000800858bdac sp=0x000000805d5fc6b0
Event: 3.525 Thread 0x000000805ca4e0c0 DEOPT UNPACKING pc=0x0000008007fe69a3 sp=0x000000805d5fc650 mode 2
Event: 3.528 Thread 0x000000805ca4e0c0 Uncommon trap: trap_request=0xffffffc6 fr.pc=0x000000800858bdac relative=0x000000000000054c
Event: 3.528 Thread 0x000000805ca4e0c0 Uncommon trap: reason=bimorphic_or_optimized_type_check action=maybe_recompile pc=0x000000800858bdac method=java.util.concurrent.ConcurrentHashMap.get(Ljava/lang/Object;)Ljava/lang/Object; @ 149 c2
Event: 3.528 Thread 0x000000805ca4e0c0 DEOPT PACKING pc=0x000000800858bdac sp=0x000000805d5fc5e0
Event: 3.528 Thread 0x000000805ca4e0c0 DEOPT UNPACKING pc=0x0000008007fe69a3 sp=0x000000805d5fc580 mode 2
Event: 3.528 Thread 0x000000805ca4e0c0 Uncommon trap: trap_request=0xffffffc6 fr.pc=0x000000800858bdac relative=0x000000000000054c
Event: 3.528 Thread 0x000000805ca4e0c0 Uncommon trap: reason=bimorphic_or_optimized_type_check action=maybe_recompile pc=0x000000800858bdac method=java.util.concurrent.ConcurrentHashMap.get(Ljava/lang/Object;)Ljava/lang/Object; @ 149 c2
Event: 3.528 Thread 0x000000805ca4e0c0 DEOPT PACKING pc=0x000000800858bdac sp=0x000000805d5fd310
Event: 3.528 Thread 0x000000805ca4e0c0 DEOPT UNPACKING pc=0x0000008007fe69a3 sp=0x000000805d5fd2b0 mode 2

Classes unloaded (0 events):
No events

Classes redefined (0 events):
No events

Internal exceptions (20 events):
Event: 3.470 Thread 0x000000805ca4e0c0 Exception <a 'java/lang/NoSuchMethodError'{0x0000000091536240}: 'java.lang.Object java.lang.invoke.DirectMethodHandle$Holder.invokeStaticInit(java.lang.Object, java.lang.Object, java.lang.Object, java.lang.Object, java.lang.Object, java.lang.Object, java.lang.Object)'> (0x0000000091536240) 
thrown [s\src\hotspot\share\interpreter\linkResolver.cpp, line 759]
Event: 3.473 Thread 0x000000805ca4e0c0 Exception <a 'java/lang/NoSuchMethodError'{0x000000009153f958}: 'java.lang.Object java.lang.invoke.DirectMethodHandle$Holder.invokeSpecial(java.lang.Object, java.lang.Object, java.lang.Object, java.lang.Object, java.lang.Object, java.lang.Object, java.lang.Object, java.lang.Object, java.lang.Object, java.lang.Object)'> (0x000000009153f958) 
thrown [s\src\hotspot\share\interpreter\linkResolver.cpp, line 759]
Event: 3.474 Thread 0x000000805ca4e0c0 Exception <a 'java/lang/NoSuchMethodError'{0x00000000915441e8}: 'java.lang.Object java.lang.invoke.Invokers$Holder.invoke_MT(java.lang.Object, java.lang.Object, java.lang.Object, java.lang.Object, java.lang.Object, java.lang.Object, java.lang.Object, java.lang.Object, java.lang.Object, java.lang.Object)'> (0x00000000915441e8) 
thrown [s\src\hotspot\share\interpreter\linkResolver.cpp, line 759]
Event: 3.478 Thread 0x000000805ca4e0c0 Exception <a 'java/lang/NoSuchMethodError'{0x000000009154a710}: 'java.lang.Object java.lang.invoke.DirectMethodHandle$Holder.invokeStatic(java.lang.Object, java.lang.Object, int)'> (0x000000009154a710) 
thrown [s\src\hotspot\share\interpreter\linkResolver.cpp, line 759]
Event: 3.484 Thread 0x000000805ca4e0c0 Exception <a 'java/lang/NoSuchMethodError'{0x000000009155dfb0}: 'void java.lang.invoke.DelegatingMethodHandle$Holder.delegate(java.lang.Object, java.lang.Object, int, java.lang.Object)'> (0x000000009155dfb0) 
thrown [s\src\hotspot\share\interpreter\linkResolver.cpp, line 759]
Event: 3.493 Thread 0x000000805ca4e0c0 Exception <a 'java/lang/NoSuchMethodError'{0x000000009157e5c8}: 'int java.lang.invoke.DirectMethodHandle$Holder.invokeVirtual(java.lang.Object, java.lang.Object, java.lang.Object)'> (0x000000009157e5c8) 
thrown [s\src\hotspot\share\interpreter\linkResolver.cpp, line 759]
Event: 3.494 Thread 0x000000805ca4e0c0 Exception <a 'java/lang/NoSuchMethodError'{0x0000000091582d88}: 'int java.lang.invoke.DirectMethodHandle$Holder.invokeStaticInit(java.lang.Object, int, int)'> (0x0000000091582d88) 
thrown [s\src\hotspot\share\interpreter\linkResolver.cpp, line 759]
Event: 3.496 Thread 0x000000805ca4e0c0 Exception <a 'java/lang/NoSuchMethodError'{0x000000009158a918}: 'int java.lang.invoke.DirectMethodHandle$Holder.invokeStaticInit(java.lang.Object, long, long)'> (0x000000009158a918) 
thrown [s\src\hotspot\share\interpreter\linkResolver.cpp, line 759]
Event: 3.498 Thread 0x000000805ca4e0c0 Exception <a 'java/lang/NoSuchMethodError'{0x0000000091591a10}: 'int java.lang.invoke.DirectMethodHandle$Holder.invokeStaticInit(java.lang.Object, float, float)'> (0x0000000091591a10) 
thrown [s\src\hotspot\share\interpreter\linkResolver.cpp, line 759]
Event: 3.499 Thread 0x000000805ca4e0c0 Exception <a 'java/lang/NoSuchMethodError'{0x0000000091598b10}: 'int java.lang.invoke.DirectMethodHandle$Holder.invokeStaticInit(java.lang.Object, double, double)'> (0x0000000091598b10) 
thrown [s\src\hotspot\share\interpreter\linkResolver.cpp, line 759]
Event: 3.501 Thread 0x000000805ca4e0c0 Exception <a 'java/lang/NoSuchMethodError'{0x000000009159d388}: 'int java.lang.invoke.DirectMethodHandle$Holder.invokeStatic(java.lang.Object, long)'> (0x000000009159d388) 
thrown [s\src\hotspot\share\interpreter\linkResolver.cpp, line 759]
Event: 3.509 Thread 0x000000805ca4e0c0 Exception <a 'java/lang/NoSuchMethodError'{0x00000000915c1bf0}: 'int java.lang.invoke.Invokers$Holder.linkToTargetMethod(java.lang.Object, java.lang.Object)'> (0x00000000915c1bf0) 
thrown [s\src\hotspot\share\interpreter\linkResolver.cpp, line 759]
Event: 3.546 Thread 0x000000805ca4e0c0 Exception <a 'java/lang/NoSuchMethodError'{0x00000000914433f8}: 'java.lang.Object java.lang.invoke.DirectMethodHandle$Holder.invokeSpecial(java.lang.Object, java.lang.Object, java.lang.Object, int, java.lang.Object)'> (0x00000000914433f8) 
thrown [s\src\hotspot\share\interpreter\linkResolver.cpp, line 759]
Event: 3.548 Thread 0x000000805ca4e0c0 Exception <a 'java/lang/NoSuchMethodError'{0x000000009144b960}: 'java.lang.Object java.lang.invoke.DirectMethodHandle$Holder.newInvokeSpecial(java.lang.Object, java.lang.Object, java.lang.Object, int, java.lang.Object)'> (0x000000009144b960) 
thrown [s\src\hotspot\share\interpreter\linkResolver.cpp, line 759]
Event: 3.549 Thread 0x000000805ca4e0c0 Exception <a 'java/lang/NoSuchMethodError'{0x0000000091453800}: 'java.lang.Object java.lang.invoke.Invokers$Holder.linkToTargetMethod(java.lang.Object, java.lang.Object, int, java.lang.Object, java.lang.Object)'> (0x0000000091453800) 
thrown [s\src\hotspot\share\interpreter\linkResolver.cpp, line 759]
Event: 3.552 Thread 0x000000805ca4e0c0 Exception <a 'java/lang/NoSuchMethodError'{0x00000000914636b8}: 'java.lang.Object java.lang.invoke.DirectMethodHandle$Holder.newInvokeSpecial(java.lang.Object, int, java.lang.Object)'> (0x00000000914636b8) 
thrown [s\src\hotspot\share\interpreter\linkResolver.cpp, line 759]
Event: 3.554 Thread 0x000000805ca4e0c0 Exception <a 'java/lang/NoSuchMethodError'{0x0000000091468188}: 'int java.lang.invoke.DirectMethodHandle$Holder.invokeSpecialIFC(java.lang.Object, java.lang.Object, java.lang.Object, java.lang.Object)'> (0x0000000091468188) 
thrown [s\src\hotspot\share\interpreter\linkResolver.cpp, line 759]
Event: 3.608 Thread 0x000000805ca4e0c0 Exception <a 'java/lang/NoSuchMethodError'{0x000000009131c000}: 'void java.lang.invoke.DirectMethodHandle$Holder.invokeInterface(java.lang.Object, java.lang.Object, java.lang.Object)'> (0x000000009131c000) 
thrown [s\src\hotspot\share\interpreter\linkResolver.cpp, line 759]
Event: 3.666 Thread 0x000000805ca4e0c0 Exception <a 'java/lang/NoSuchMethodError'{0x00000000913c7910}: 'void java.lang.invoke.DirectMethodHandle$Holder.invokeStaticInit(java.lang.Object, java.lang.Object, java.lang.Object)'> (0x00000000913c7910) 
thrown [s\src\hotspot\share\interpreter\linkResolver.cpp, line 759]
Event: 3.681 Thread 0x000000805ca4e0c0 Exception <a 'java/lang/NoSuchMethodError'{0x0000000091213c18}: 'java.lang.Object java.lang.invoke.DirectMethodHandle$Holder.invokeVirtual(java.lang.Object, java.lang.Object, java.lang.Object)'> (0x0000000091213c18) 
thrown [s\src\hotspot\share\interpreter\linkResolver.cpp, line 759]

VM Operations (20 events):
Event: 0.360 Executing VM operation: HandshakeAllThreads
Event: 0.360 Executing VM operation: HandshakeAllThreads done
Event: 0.840 Executing VM operation: HandshakeAllThreads
Event: 0.840 Executing VM operation: HandshakeAllThreads done
Event: 0.930 Executing VM operation: HandshakeAllThreads
Event: 0.930 Executing VM operation: HandshakeAllThreads done
Event: 0.995 Executing VM operation: HandshakeAllThreads
Event: 0.995 Executing VM operation: HandshakeAllThreads done
Event: 1.041 Executing VM operation: HandshakeAllThreads
Event: 1.041 Executing VM operation: HandshakeAllThreads done
Event: 2.046 Executing VM operation: Cleanup
Event: 2.046 Executing VM operation: Cleanup done
Event: 2.448 Executing VM operation: HandshakeAllThreads
Event: 2.448 Executing VM operation: HandshakeAllThreads done
Event: 2.505 Executing VM operation: G1CollectForAllocation
Event: 2.522 Executing VM operation: G1CollectForAllocation done
Event: 3.448 Executing VM operation: HandshakeAllThreads
Event: 3.449 Executing VM operation: HandshakeAllThreads done
Event: 3.477 Executing VM operation: HandshakeAllThreads
Event: 3.477 Executing VM operation: HandshakeAllThreads done

Events (20 events):
Event: 3.674 loading class java/io/Console
Event: 3.674 loading class java/io/Console done
Event: 3.674 loading class sun/nio/cs/IBM437
Event: 3.675 loading class sun/nio/cs/IBM437 done
Event: 3.675 loading class java/io/Console$2
Event: 3.675 loading class jdk/internal/access/JavaIOAccess
Event: 3.675 loading class jdk/internal/access/JavaIOAccess done
Event: 3.675 loading class java/io/Console$2 done
Event: 3.688 loading class java/util/LinkedList$ListItr
Event: 3.689 loading class java/util/LinkedList$ListItr done
Event: 3.691 loading class java/util/concurrent/ConcurrentLinkedDeque$Itr
Event: 3.691 loading class java/util/concurrent/ConcurrentLinkedDeque$AbstractItr
Event: 3.691 loading class java/util/concurrent/ConcurrentLinkedDeque$AbstractItr done
Event: 3.691 loading class java/util/concurrent/ConcurrentLinkedDeque$Itr done
Event: 3.692 loading class java/io/UnsupportedEncodingException
Event: 3.692 loading class java/io/UnsupportedEncodingException done
Event: 3.692 loading class java/nio/charset/CharacterCodingException
Event: 3.692 loading class java/nio/charset/CharacterCodingException done
Event: 3.728 loading class java/util/concurrent/ScheduledExecutorService
Event: 3.728 loading class java/util/concurrent/ScheduledExecutorService done


Dynamic libraries:
0x00007ff6d9150000 - 0x00007ff6d915e000 	C:\Program Files\Microsoft\jdk-17.0.10.7-hotspot\bin\java.exe
0x00007ffa8e780000 - 0x00007ffa8e9e1000 	C:\WINDOWS\SYSTEM32\ntdll.dll
0x00007ffa8cf40000 - 0x00007ffa8d009000 	C:\WINDOWS\System32\KERNEL32.DLL
0x00007ffa8b790000 - 0x00007ffa8bb86000 	C:\WINDOWS\System32\KERNELBASE.dll
0x00007ffa8c250000 - 0x00007ffa8c39f000 	C:\WINDOWS\System32\ucrtbase.dll
0x00007ffa852b0000 - 0x00007ffa852cb000 	C:\Program Files\Microsoft\jdk-17.0.10.7-hotspot\bin\VCRUNTIME140.dll
0x00007ffa6af60000 - 0x00007ffa6af77000 	C:\Program Files\Microsoft\jdk-17.0.10.7-hotspot\bin\jli.dll
0x00007ffa8cd70000 - 0x00007ffa8cf34000 	C:\WINDOWS\System32\USER32.dll
0x00007ffa8b760000 - 0x00007ffa8b787000 	C:\WINDOWS\System32\win32u.dll
0x00007ffa8c5f0000 - 0x00007ffa8c623000 	C:\WINDOWS\System32\GDI32.dll
0x00007ffa8bff0000 - 0x00007ffa8c11e000 	C:\WINDOWS\System32\gdi32full.dll
0x00007ffa790e0000 - 0x00007ffa7937a000 	C:\WINDOWS\WinSxS\amd64_microsoft.windows.common-controls_6595b64144ccf1df_6.0.27919.1000_none_1a16e6114d94bb47\COMCTL32.dll
0x00007ffa8bd10000 - 0x00007ffa8bdb4000 	C:\WINDOWS\System32\msvcp_win.dll
0x00007ffa8e420000 - 0x00007ffa8e4c9000 	C:\WINDOWS\System32\msvcrt.dll
0x00007ffa8e140000 - 0x00007ffa8e1e6000 	C:\WINDOWS\System32\sechost.dll
0x00007ffa8e1f0000 - 0x00007ffa8e220000 	C:\WINDOWS\System32\IMM32.DLL
0x00007ffa7c3c0000 - 0x00007ffa7c3cc000 	C:\Program Files\Microsoft\jdk-17.0.10.7-hotspot\bin\vcruntime140_1.dll
0x00007ffa5f9d0000 - 0x00007ffa5fa5d000 	C:\Program Files\Microsoft\jdk-17.0.10.7-hotspot\bin\msvcp140.dll
0x00007ff9fc9b0000 - 0x00007ff9fd615000 	C:\Program Files\Microsoft\jdk-17.0.10.7-hotspot\bin\server\jvm.dll
0x00007ffa8d010000 - 0x00007ffa8d0c4000 	C:\WINDOWS\System32\ADVAPI32.dll
0x00007ffa8c6e0000 - 0x00007ffa8c7f4000 	C:\WINDOWS\System32\RPCRT4.dll
0x00007ffa8b5e0000 - 0x00007ffa8b63d000 	C:\WINDOWS\SYSTEM32\POWRPROF.dll
0x00007ffa6afe0000 - 0x00007ffa6afea000 	C:\WINDOWS\SYSTEM32\WSOCK32.dll
0x00007ffa8cc80000 - 0x00007ffa8ccf5000 	C:\WINDOWS\System32\WS2_32.dll
0x00007ffa835c0000 - 0x00007ffa835f5000 	C:\WINDOWS\SYSTEM32\WINMM.dll
0x00007ffa84a50000 - 0x00007ffa84a5b000 	C:\WINDOWS\SYSTEM32\VERSION.dll
0x00007ffa8b5c0000 - 0x00007ffa8b5da000 	C:\WINDOWS\SYSTEM32\UMPDC.dll
0x00007ffa8a5c0000 - 0x00007ffa8a5db000 	C:\WINDOWS\SYSTEM32\kernel.appcore.dll
0x00007ffa6a6f0000 - 0x00007ffa6a6fa000 	C:\Program Files\Microsoft\jdk-17.0.10.7-hotspot\bin\jimage.dll
0x00007ffa80580000 - 0x00007ffa80851000 	C:\WINDOWS\SYSTEM32\DBGHELP.DLL
0x00007ffa8c890000 - 0x00007ffa8cc15000 	C:\WINDOWS\System32\combase.dll
0x00007ffa8e230000 - 0x00007ffa8e311000 	C:\WINDOWS\System32\OLEAUT32.dll
0x00007ffa753c0000 - 0x00007ffa75414000 	C:\WINDOWS\SYSTEM32\dbgcore.DLL
0x00007ffa8c1a0000 - 0x00007ffa8c23f000 	C:\WINDOWS\System32\bcryptPrimitives.dll
0x00007ffa6a130000 - 0x00007ffa6a13e000 	C:\Program Files\Microsoft\jdk-17.0.10.7-hotspot\bin\instrument.dll
0x00007ffa61860000 - 0x00007ffa61885000 	C:\Program Files\Microsoft\jdk-17.0.10.7-hotspot\bin\java.dll
0x00007ffa4f600000 - 0x00007ffa4f6d7000 	C:\Program Files\Microsoft\jdk-17.0.10.7-hotspot\bin\jsvml.dll
0x00007ffa8d720000 - 0x00007ffa8de6c000 	C:\WINDOWS\System32\SHELL32.dll
0x00007ffa8be70000 - 0x00007ffa8bfe5000 	C:\WINDOWS\System32\wintypes.dll
0x00007ffa89400000 - 0x00007ffa89c74000 	C:\WINDOWS\SYSTEM32\windows.storage.dll
0x00007ffa8d0d0000 - 0x00007ffa8d1ca000 	C:\WINDOWS\System32\SHCORE.dll
0x00007ffa8cd00000 - 0x00007ffa8cd6a000 	C:\WINDOWS\System32\shlwapi.dll
0x00007ffa8b680000 - 0x00007ffa8b6a8000 	C:\WINDOWS\SYSTEM32\profapi.dll
0x00007ffa61ef0000 - 0x00007ffa61f08000 	C:\Program Files\Microsoft\jdk-17.0.10.7-hotspot\bin\zip.dll
0x00007ffa65930000 - 0x00007ffa65949000 	C:\Program Files\Microsoft\jdk-17.0.10.7-hotspot\bin\net.dll
0x00007ffa843b0000 - 0x00007ffa844cc000 	C:\WINDOWS\SYSTEM32\WINHTTP.dll
0x00007ffa8c130000 - 0x00007ffa8c19b000 	C:\WINDOWS\System32\mswsock.dll
0x00007ffa658d0000 - 0x00007ffa658e6000 	C:\Program Files\Microsoft\jdk-17.0.10.7-hotspot\bin\nio.dll
0x00007ffa5f9b0000 - 0x00007ffa5f9ca000 	C:\Program Files\JetBrains\IntelliJ IDEA Community Edition 2024.3.2.1\bin\breakgen64.dll
0x00007ffa695d0000 - 0x00007ffa695d9000 	C:\Program Files\Microsoft\jdk-17.0.10.7-hotspot\bin\extnet.dll
0x00007ffa61850000 - 0x00007ffa61859000 	C:\Program Files\Microsoft\jdk-17.0.10.7-hotspot\bin\management.dll
0x00007ffa61840000 - 0x00007ffa6184b000 	C:\Program Files\Microsoft\jdk-17.0.10.7-hotspot\bin\management_ext.dll
0x00007ffa8c470000 - 0x00007ffa8c478000 	C:\WINDOWS\System32\PSAPI.DLL

dbghelp: loaded successfully - version: 4.0.5 - missing functions: none
symbol engine: initialized successfully - sym options: 0x614 - pdb path: .;C:\Program Files\Microsoft\jdk-17.0.10.7-hotspot\bin;C:\WINDOWS\SYSTEM32;C:\WINDOWS\WinSxS\amd64_microsoft.windows.common-controls_6595b64144ccf1df_6.0.27919.1000_none_1a16e6114d94bb47;C:\Program Files\Microsoft\jdk-17.0.10.7-hotspot\bin\server;C:\Program Files\JetBrains\IntelliJ IDEA Community Edition 2024.3.2.1\bin

VM Arguments:
jvm_args: -javaagent:C:\Program Files\JetBrains\IntelliJ IDEA Community Edition 2024.3.2.1\lib\idea_rt.jar=53085:C:\Program Files\JetBrains\IntelliJ IDEA Community Edition 2024.3.2.1\bin -Dfile.encoding=UTF-8 
java_command: in.example.infolock.demo.DemoApplication
java_class_path (initial): C:\Users\vishn\Documents\React + SpringBoot\InfoLock\backend\target\classes;C:\Users\vishn\.m2\repository\org\springframework\boot\spring-boot-starter-data-jpa\3.5.4\spring-boot-starter-data-jpa-3.5.4.jar;C:\Users\vishn\.m2\repository\org\springframework\boot\spring-boot-starter\3.5.4\spring-boot-starter-3.5.4.jar;C:\Users\vishn\.m2\repository\org\springframework\boot\spring-boot-starter-logging\3.5.4\spring-boot-starter-logging-3.5.4.jar;C:\Users\vishn\.m2\repository\ch\qos\logback\logback-classic\1.5.18\logback-classic-1.5.18.jar;C:\Users\vishn\.m2\repository\ch\qos\logback\logback-core\1.5.18\logback-core-1.5.18.jar;C:\Users\vishn\.m2\repository\org\apache\logging\log4j\log4j-to-slf4j\2.24.3\log4j-to-slf4j-2.24.3.jar;C:\Users\vishn\.m2\repository\org\apache\logging\log4j\log4j-api\2.24.3\log4j-api-2.24.3.jar;C:\Users\vishn\.m2\repository\org\slf4j\jul-to-slf4j\2.0.17\jul-to-slf4j-2.0.17.jar;C:\Users\vishn\.m2\repository\jakarta\annotation\jakarta.annotation-api\2.1.1\jakarta.annotation-api-2.1.1.jar;C:\Users\vishn\.m2\repository\org\yaml\snakeyaml\2.4\snakeyaml-2.4.jar;C:\Users\vishn\.m2\repository\org\springframework\boot\spring-boot-starter-jdbc\3.5.4\spring-boot-starter-jdbc-3.5.4.jar;C:\Users\vishn\.m2\repository\com\zaxxer\HikariCP\6.3.1\HikariCP-6.3.1.jar;C:\Users\vishn\.m2\repository\org\springframework\spring-jdbc\6.2.9\spring-jdbc-6.2.9.jar;C:\Users\vishn\.m2\repository\org\hibernate\orm\hibernate-core\6.6.22.Final\hibernate-core-6.6.22.Final.jar;C:\Users\vishn\.m2\repository\jakarta\persistence\jakarta.persistence-api\3.1.0\jakarta.persistence-api-3.1.0.jar;C:\Users\vishn\.m2\repository\jakarta\transaction\jakarta.transaction-api\2.0.1\jakarta.transaction-api-2.0.1.jar;C:\Users\vishn\.m2\repository\org\jboss\logging\jboss-logging\3.6.1.Final\jboss-logging-3.6.1.Final.jar;C:\Users\vishn\.m2\repository\org\hibernate\common\hibernate-commons-annotations\7.0.3.Final\hibernate-commons-annotations-7.0.3.Final.jar;C:\Users\vishn\.m
Launcher Type: SUN_STANDARD

[Global flags]
     intx CICompilerCount                          = 4                                         {product} {ergonomic}
     uint ConcGCThreads                            = 3                                         {product} {ergonomic}
     uint G1ConcRefinementThreads                  = 10                                        {product} {ergonomic}
   size_t G1HeapRegionSize                         = 1048576                                   {product} {ergonomic}
    uintx GCDrainStackTargetSize                   = 64                                        {product} {ergonomic}
   size_t InitialHeapSize                          = 123731968                                 {product} {ergonomic}
   size_t MarkStackSize                            = 4194304                                   {product} {ergonomic}
   size_t MaxHeapSize                              = 1971322880                                {product} {ergonomic}
   size_t MaxNewSize                               = 1182793728                                {product} {ergonomic}
   size_t MinHeapDeltaBytes                        = 1048576                                   {product} {ergonomic}
   size_t MinHeapSize                              = 8388608                                   {product} {ergonomic}
    uintx NonNMethodCodeHeapSize                   = 5839372                                {pd product} {ergonomic}
    uintx NonProfiledCodeHeapSize                  = 122909434                              {pd product} {ergonomic}
    uintx ProfiledCodeHeapSize                     = 122909434                              {pd product} {ergonomic}
    uintx ReservedCodeCacheSize                    = 251658240                              {pd product} {ergonomic}
     bool SegmentedCodeCache                       = true                                      {product} {ergonomic}
   size_t SoftMaxHeapSize                          = 1971322880                             {manageable} {ergonomic}
     bool UseCompressedClassPointers               = true                           {product lp64_product} {ergonomic}
     bool UseCompressedOops                        = true                           {product lp64_product} {ergonomic}
     bool UseG1GC                                  = true                                      {product} {ergonomic}
     bool UseLargePagesIndividualAllocation        = false                                  {pd product} {ergonomic}

Logging:
Log output configuration:
 #0: stdout all=warning uptime,level,tags
 #1: stderr all=off uptime,level,tags

Environment Variables:
JAVA_HOME=D:\Java\jdk-17
PATH=C:\Program Files\Common Files\Oracle\Java\javapath;C:\Program Files\Microsoft\jdk-17.0.10.7-hotspot\bin;C:\Windows\system32;C:\Windows;C:\Windows\System32\Wbem;C:\Windows\System32\WindowsPowerShell\v1.0\;C:\Windows\System32\OpenSSH\;C:\Program Files\NVIDIA Corporation\NVIDIA NvDLISR;C:\WINDOWS\system32;C:\WINDOWS;C:\WINDOWS\System32\Wbem;C:\WINDOWS\System32\WindowsPowerShell\v1.0\;C:\WINDOWS\System32\OpenSSH\;C:\Program Files\SafeNet\Authentication\SAC\x64;C:\Program Files\SafeNet\Authentication\SAC\x32;C:\ProgramData\chocolatey\bin;C:\Program Files\MySQL\MySQL Server 8.0\bin;D:\Java\jdk-17\bin;C:\Program Files\Git\cmd;C:\Program Files\MongoDB\mongosh-2.5.1-win32-x64\bin;C:\Program Files\Cloudflare\Cloudflare WARP\;C:\Program Files\nvm;C:\Program Files\nodejs;C:\Program Files\nodejs\;C:\Program Files\MySQL\MySQL Shell 8.0\bin\;C:\Users\vishn\AppData\Local\Programs\Python\Python312;C:\Users\vishn\AppData\Local\Programs\Python\Python312\Scripts;C:\Users\vishn\AppData\Local\Programs\Python\Python312\Scripts\;C:\Users\vishn\AppData\Local\Programs\Python\Python312\;D:\Java\jdk-17;C:\Users\vishn\AppData\Local\jdk-11.0.2\bin;C:\Users\vishn\AppData\Local\Programs\Python\Python310\Scripts\;C:\Users\vishn\AppData\Local\Programs\Python\Python310\;C:\Users\vishn\AppData\Local\Microsoft\WindowsApps;C:\Program Files\JetBrains\PyCharm Community Edition 2022.2.3\bin;;C:\Users\vishn\AppData\Local\Programs\Microsoft VS Code\bin;C:\MinGW\bin;C:\Program Files\JetBrains\PyCharm 2024.2\bin;;C:\Users\vishn\AppData\Local\Programs\cursor\resources\app\bin;C:\Program Files\nvm;C:\Program Files\nodejs;node_modules\npm\bin;C:\Program Files\nvm;C:\Program Files\nodejs;C:\Users\vishn\AppData\Roaming\npm;C:\ProgramData\vishn\GitHubDesktop\bin;C:\Users\vishn\AppData\Local\GitHubDesktop\bin;
USERNAME=vishn
OS=Windows_NT
PROCESSOR_IDENTIFIER=AMD64 Family 23 Model 104 Stepping 1, AuthenticAMD
TMP=C:\Users\vishn\AppData\Local\Temp
TEMP=C:\Users\vishn\AppData\Local\Temp



Periodic native trim disabled


---------------  S Y S T E M  ---------------

OS:
 Windows 11 , 64 bit Build 27919 (10.0.27919.1000)
OS uptime: 7 days 3:18 hours
Hyper-V role detected

CPU: total 12 (initial active 12) (12 cores per cpu, 2 threads per core) family 23 model 104 stepping 1 microcode 0x8608103, cx8, cmov, fxsr, ht, mmx, 3dnowpref, sse, sse2, sse3, ssse3, sse4a, sse4.1, sse4.2, popcnt, lzcnt, tsc, tscinvbit, avx, avx2, aes, clmul, bmi1, bmi2, adx, sha, fma, vzeroupper, clflush, clflushopt, hv
Processor Information for processor 0
  Max Mhz: 2100, Current Mhz: 1893, Mhz Limit: 2100
Processor Information for processor 1
  Max Mhz: 2100, Current Mhz: 1813, Mhz Limit: 2100
Processor Information for processor 2
  Max Mhz: 2100, Current Mhz: 1893, Mhz Limit: 2100
Processor Information for processor 3
  Max Mhz: 2100, Current Mhz: 1813, Mhz Limit: 2100
Processor Information for processor 4
  Max Mhz: 2100, Current Mhz: 1893, Mhz Limit: 2100
Processor Information for processor 5
  Max Mhz: 2100, Current Mhz: 1893, Mhz Limit: 2100
Processor Information for processor 6
  Max Mhz: 2100, Current Mhz: 1893, Mhz Limit: 2100
Processor Information for processor 7
  Max Mhz: 2100, Current Mhz: 1893, Mhz Limit: 2100
Processor Information for processor 8
  Max Mhz: 2100, Current Mhz: 1893, Mhz Limit: 2100
Processor Information for processor 9
  Max Mhz: 2100, Current Mhz: 1893, Mhz Limit: 2100
Processor Information for processor 10
  Max Mhz: 2100, Current Mhz: 1813, Mhz Limit: 2100
Processor Information for processor 11
  Max Mhz: 2100, Current Mhz: 1813, Mhz Limit: 2100

Memory: 4k page, system-wide physical 7514M (201M free)
TotalPageFile size 21338M (AvailPageFile size 224M)
current process WorkingSet (physical memory assigned to process): 91M, peak: 91M
current process commit charge ("private bytes"): 226M, peak: 227M

vm_info: OpenJDK 64-Bit Server VM (17.0.10+7-LTS) for windows-amd64 JRE (17.0.10+7-LTS), built on Jan 10 2024 19:47:12 by "MicrosoftCorporation" with MS VC++ 16.10 / 16.11 (VS2019)

END.
